jwang@cn-fbyv7y2:/mnt/sda3/vagrant/my-kubernetes/vagrant-provisioning (my)
$ startvagrant-home-wifi.sh
Bringing machine 'kmaster' up with 'virtualbox' provider...
Bringing machine 'kworker1' up with 'virtualbox' provider...
Bringing machine 'kworker2' up with 'virtualbox' provider...
==> kmaster: Box 'generic/ubuntu2004' could not be found. Attempting to find and install...
    kmaster: Box Provider: virtualbox
    kmaster: Box Version: 3.6.4
==> kmaster: Loading metadata for box 'generic/ubuntu2004'
    kmaster: URL: https://vagrantcloud.com/generic/ubuntu2004
==> kmaster: Adding box 'generic/ubuntu2004' (v3.6.4) for provider: virtualbox
    kmaster: Downloading: https://vagrantcloud.com/generic/boxes/ubuntu2004/versions/3.6.4/providers/virtualbox.box
    kmaster: Calculating and comparing box checksum...
==> kmaster: Successfully added box 'generic/ubuntu2004' (v3.6.4) for 'virtualbox'!
==> kmaster: Importing base box 'generic/ubuntu2004'...
==> kmaster: Matching MAC address for NAT networking...
==> kmaster: Setting the name of the VM: kmaster
==> kmaster: Clearing any previously set network interfaces...
==> kmaster: Preparing network interfaces based on configuration...
    kmaster: Adapter 1: nat
    kmaster: Adapter 2: hostonly
==> kmaster: Forwarding ports...
    kmaster: 22 (guest) => 2222 (host) (adapter 1)
==> kmaster: Running 'pre-boot' VM customizations...
==> kmaster: Booting VM...
==> kmaster: Waiting for machine to boot. This may take a few minutes...
    kmaster: SSH address: 127.0.0.1:2222
    kmaster: SSH username: vagrant
    kmaster: SSH auth method: private key
    kmaster:
    kmaster: Vagrant insecure key detected. Vagrant will automatically replace
    kmaster: this with a newly generated keypair for better security.
    kmaster:
    kmaster: Inserting generated public key within guest...
    kmaster: Removing insecure key from the guest if it's present...
    kmaster: Key inserted! Disconnecting and reconnecting using new SSH key...
==> kmaster: Machine booted and ready!
==> kmaster: Configuring proxy for Apt...
==> kmaster: Configuring proxy environment variables...
==> kmaster: Configuring proxy for Git...
[kmaster] A Virtualbox Guest Additions installation was found but no tools to rebuild or start them.
Reading package lists...
Building dependency tree...
Reading state information...
Package 'virtualbox-guest-dkms' is not installed, so not removed
Package 'virtualbox-guest-x11' is not installed, so not removed
The following packages will be REMOVED:
  virtualbox-guest-utils*
0 upgraded, 0 newly installed, 1 to remove and 0 not upgraded.
After this operation, 5,942 kB disk space will be freed.
(Reading database ... 111200 files and directories currently installed.)
Removing virtualbox-guest-utils (6.1.26-dfsg-3~ubuntu1.20.04.2) ...
Processing triggers for man-db (2.9.1-1) ...
(Reading database ... 111187 files and directories currently installed.)
Purging configuration files for virtualbox-guest-utils (6.1.26-dfsg-3~ubuntu1.20.04.2) ...
Processing triggers for systemd (245.4-4ubuntu3.13) ...
Reading package lists...
Building dependency tree...
Reading state information...
linux-headers-5.4.0-91-generic is already the newest version (5.4.0-91.102).
linux-headers-5.4.0-91-generic set to manually installed.
The following additional packages will be installed:
  binutils binutils-common binutils-x86-64-linux-gnu build-essential cpp cpp-9
  dctrl-tools dpkg-dev fakeroot g++ g++-9 gcc gcc-9 gcc-9-base
  libalgorithm-diff-perl libalgorithm-diff-xs-perl libalgorithm-merge-perl
  libasan5 libatomic1 libbinutils libc-dev-bin libc6-dev libcc1-0 libcrypt-dev
  libctf-nobfd0 libctf0 libdpkg-perl libfakeroot libfile-fcntllock-perl
  libgcc-9-dev libgomp1 libisl22 libitm1 liblsan0 libmpc3 libquadmath0
  libstdc++-9-dev libtsan0 libubsan1 linux-libc-dev make manpages-dev
Suggested packages:
  binutils-doc cpp-doc gcc-9-locales debtags menu debian-keyring g++-multilib
  g++-9-multilib gcc-9-doc gcc-multilib autoconf automake libtool flex bison
  gdb gcc-doc gcc-9-multilib glibc-doc bzr libstdc++-9-doc make-doc
The following NEW packages will be installed:
  binutils binutils-common binutils-x86-64-linux-gnu build-essential cpp cpp-9
  dctrl-tools dkms dpkg-dev fakeroot g++ g++-9 gcc gcc-9 gcc-9-base
  libalgorithm-diff-perl libalgorithm-diff-xs-perl libalgorithm-merge-perl
  libasan5 libatomic1 libbinutils libc-dev-bin libc6-dev libcc1-0 libcrypt-dev
  libctf-nobfd0 libctf0 libdpkg-perl libfakeroot libfile-fcntllock-perl
  libgcc-9-dev libgomp1 libisl22 libitm1 liblsan0 libmpc3 libquadmath0
  libstdc++-9-dev libtsan0 libubsan1 linux-libc-dev make manpages-dev
0 upgraded, 43 newly installed, 0 to remove and 0 not upgraded.
Need to get 43.1 MB of archives.
After this operation, 189 MB of additional disk space will be used.
Get:1 http://us.archive.ubuntu.com/ubuntu focal-updates/main amd64 gcc-9-base amd64 9.3.0-17ubuntu1~20.04 [19.1 kB]
Get:2 http://us.archive.ubuntu.com/ubuntu focal/main amd64 libisl22 amd64 0.22.1-1 [592 kB]
Get:3 http://us.archive.ubuntu.com/ubuntu focal/main amd64 libmpc3 amd64 1.1.0-1 [40.8 kB]
Get:4 http://us.archive.ubuntu.com/ubuntu focal-updates/main amd64 cpp-9 amd64 9.3.0-17ubuntu1~20.04 [7,494 kB]
Get:5 http://us.archive.ubuntu.com/ubuntu focal/main amd64 cpp amd64 4:9.3.0-1ubuntu2 [27.6 kB]
Get:6 http://us.archive.ubuntu.com/ubuntu focal-updates/main amd64 libcc1-0 amd64 10.3.0-1ubuntu1~20.04 [48.8 kB]
Get:7 http://us.archive.ubuntu.com/ubuntu focal-updates/main amd64 binutils-common amd64 2.34-6ubuntu1.3 [207 kB]
Get:8 http://us.archive.ubuntu.com/ubuntu focal-updates/main amd64 libbinutils amd64 2.34-6ubuntu1.3 [474 kB]
Get:9 http://us.archive.ubuntu.com/ubuntu focal-updates/main amd64 libctf-nobfd0 amd64 2.34-6ubuntu1.3 [47.4 kB]
Get:10 http://us.archive.ubuntu.com/ubuntu focal-updates/main amd64 libctf0 amd64 2.34-6ubuntu1.3 [46.6 kB]
Get:11 http://us.archive.ubuntu.com/ubuntu focal-updates/main amd64 binutils-x86-64-linux-gnu amd64 2.34-6ubuntu1.3 [1,613 kB]
Get:12 http://us.archive.ubuntu.com/ubuntu focal-updates/main amd64 binutils amd64 2.34-6ubuntu1.3 [3,380 B]
Get:13 http://us.archive.ubuntu.com/ubuntu focal-updates/main amd64 libgomp1 amd64 10.3.0-1ubuntu1~20.04 [102 kB]
Get:14 http://us.archive.ubuntu.com/ubuntu focal-updates/main amd64 libitm1 amd64 10.3.0-1ubuntu1~20.04 [26.2 kB]
Get:15 http://us.archive.ubuntu.com/ubuntu focal-updates/main amd64 libatomic1 amd64 10.3.0-1ubuntu1~20.04 [9,284 B]
Get:16 http://us.archive.ubuntu.com/ubuntu focal-updates/main amd64 libasan5 amd64 9.3.0-17ubuntu1~20.04 [394 kB]
Get:17 http://us.archive.ubuntu.com/ubuntu focal-updates/main amd64 liblsan0 amd64 10.3.0-1ubuntu1~20.04 [835 kB]
Get:18 http://us.archive.ubuntu.com/ubuntu focal-updates/main amd64 libtsan0 amd64 10.3.0-1ubuntu1~20.04 [2,009 kB]
Get:19 http://us.archive.ubuntu.com/ubuntu focal-updates/main amd64 libubsan1 amd64 10.3.0-1ubuntu1~20.04 [784 kB]
Get:20 http://us.archive.ubuntu.com/ubuntu focal-updates/main amd64 libquadmath0 amd64 10.3.0-1ubuntu1~20.04 [146 kB]
Get:21 http://us.archive.ubuntu.com/ubuntu focal-updates/main amd64 libgcc-9-dev amd64 9.3.0-17ubuntu1~20.04 [2,360 kB]
Get:22 http://us.archive.ubuntu.com/ubuntu focal-updates/main amd64 gcc-9 amd64 9.3.0-17ubuntu1~20.04 [8,241 kB]
Get:23 http://us.archive.ubuntu.com/ubuntu focal/main amd64 gcc amd64 4:9.3.0-1ubuntu2 [5,208 B]
Get:24 http://us.archive.ubuntu.com/ubuntu focal/main amd64 libdpkg-perl all 1.19.7ubuntu3 [230 kB]
Get:25 http://us.archive.ubuntu.com/ubuntu focal/main amd64 make amd64 4.2.1-1.2 [162 kB]
Get:26 http://us.archive.ubuntu.com/ubuntu focal/main amd64 dpkg-dev all 1.19.7ubuntu3 [679 kB]
Get:27 http://us.archive.ubuntu.com/ubuntu focal-updates/main amd64 libc-dev-bin amd64 2.31-0ubuntu9.2 [71.8 kB]
Get:28 http://us.archive.ubuntu.com/ubuntu focal-updates/main amd64 linux-libc-dev amd64 5.4.0-91.102 [1,127 kB]
Get:29 http://us.archive.ubuntu.com/ubuntu focal/main amd64 libcrypt-dev amd64 1:4.4.10-10ubuntu4 [104 kB]
Get:30 http://us.archive.ubuntu.com/ubuntu focal-updates/main amd64 libc6-dev amd64 2.31-0ubuntu9.2 [2,520 kB]
Get:31 http://us.archive.ubuntu.com/ubuntu focal-updates/main amd64 libstdc++-9-dev amd64 9.3.0-17ubuntu1~20.04 [1,714 kB]
Get:32 http://us.archive.ubuntu.com/ubuntu focal-updates/main amd64 g++-9 amd64 9.3.0-17ubuntu1~20.04 [8,405 kB]
Get:33 http://us.archive.ubuntu.com/ubuntu focal/main amd64 g++ amd64 4:9.3.0-1ubuntu2 [1,604 B]
Get:34 http://us.archive.ubuntu.com/ubuntu focal-updates/main amd64 build-essential amd64 12.8ubuntu1.1 [4,664 B]
Get:35 http://us.archive.ubuntu.com/ubuntu focal/main amd64 dctrl-tools amd64 2.24-3 [61.5 kB]
Get:36 http://us.archive.ubuntu.com/ubuntu focal-updates/main amd64 dkms all 2.8.1-5ubuntu2 [66.8 kB]
Get:37 http://us.archive.ubuntu.com/ubuntu focal/main amd64 libfakeroot amd64 1.24-1 [25.7 kB]
Get:38 http://us.archive.ubuntu.com/ubuntu focal/main amd64 fakeroot amd64 1.24-1 [62.6 kB]
Get:39 http://us.archive.ubuntu.com/ubuntu focal/main amd64 libalgorithm-diff-perl all 1.19.03-2 [46.6 kB]
Get:40 http://us.archive.ubuntu.com/ubuntu focal/main amd64 libalgorithm-diff-xs-perl amd64 0.04-6 [11.3 kB]
Get:41 http://us.archive.ubuntu.com/ubuntu focal/main amd64 libalgorithm-merge-perl all 0.08-3 [12.0 kB]
Get:42 http://us.archive.ubuntu.com/ubuntu focal/main amd64 libfile-fcntllock-perl amd64 0.22-3build4 [33.1 kB]
Get:43 http://us.archive.ubuntu.com/ubuntu focal/main amd64 manpages-dev all 5.05-1 [2,266 kB]
Fetched 43.1 MB in 49s (878 kB/s)
Selecting previously unselected package gcc-9-base:amd64.
(Reading database ... 111186 files and directories currently installed.)
Preparing to unpack .../00-gcc-9-base_9.3.0-17ubuntu1~20.04_amd64.deb ...
Unpacking gcc-9-base:amd64 (9.3.0-17ubuntu1~20.04) ...
Selecting previously unselected package libisl22:amd64.
Preparing to unpack .../01-libisl22_0.22.1-1_amd64.deb ...
Unpacking libisl22:amd64 (0.22.1-1) ...
Selecting previously unselected package libmpc3:amd64.
Preparing to unpack .../02-libmpc3_1.1.0-1_amd64.deb ...
Unpacking libmpc3:amd64 (1.1.0-1) ...
Selecting previously unselected package cpp-9.
Preparing to unpack .../03-cpp-9_9.3.0-17ubuntu1~20.04_amd64.deb ...
Unpacking cpp-9 (9.3.0-17ubuntu1~20.04) ...
Selecting previously unselected package cpp.
Preparing to unpack .../04-cpp_4%3a9.3.0-1ubuntu2_amd64.deb ...
Unpacking cpp (4:9.3.0-1ubuntu2) ...
Selecting previously unselected package libcc1-0:amd64.
Preparing to unpack .../05-libcc1-0_10.3.0-1ubuntu1~20.04_amd64.deb ...
Unpacking libcc1-0:amd64 (10.3.0-1ubuntu1~20.04) ...
Selecting previously unselected package binutils-common:amd64.
Preparing to unpack .../06-binutils-common_2.34-6ubuntu1.3_amd64.deb ...
Unpacking binutils-common:amd64 (2.34-6ubuntu1.3) ...
Selecting previously unselected package libbinutils:amd64.
Preparing to unpack .../07-libbinutils_2.34-6ubuntu1.3_amd64.deb ...
Unpacking libbinutils:amd64 (2.34-6ubuntu1.3) ...
Selecting previously unselected package libctf-nobfd0:amd64.
Preparing to unpack .../08-libctf-nobfd0_2.34-6ubuntu1.3_amd64.deb ...
Unpacking libctf-nobfd0:amd64 (2.34-6ubuntu1.3) ...
Selecting previously unselected package libctf0:amd64.
Preparing to unpack .../09-libctf0_2.34-6ubuntu1.3_amd64.deb ...
Unpacking libctf0:amd64 (2.34-6ubuntu1.3) ...
Selecting previously unselected package binutils-x86-64-linux-gnu.
Preparing to unpack .../10-binutils-x86-64-linux-gnu_2.34-6ubuntu1.3_amd64.deb ...
Unpacking binutils-x86-64-linux-gnu (2.34-6ubuntu1.3) ...
Selecting previously unselected package binutils.
Preparing to unpack .../11-binutils_2.34-6ubuntu1.3_amd64.deb ...
Unpacking binutils (2.34-6ubuntu1.3) ...
Selecting previously unselected package libgomp1:amd64.
Preparing to unpack .../12-libgomp1_10.3.0-1ubuntu1~20.04_amd64.deb ...
Unpacking libgomp1:amd64 (10.3.0-1ubuntu1~20.04) ...
Selecting previously unselected package libitm1:amd64.
Preparing to unpack .../13-libitm1_10.3.0-1ubuntu1~20.04_amd64.deb ...
Unpacking libitm1:amd64 (10.3.0-1ubuntu1~20.04) ...
Selecting previously unselected package libatomic1:amd64.
Preparing to unpack .../14-libatomic1_10.3.0-1ubuntu1~20.04_amd64.deb ...
Unpacking libatomic1:amd64 (10.3.0-1ubuntu1~20.04) ...
Selecting previously unselected package libasan5:amd64.
Preparing to unpack .../15-libasan5_9.3.0-17ubuntu1~20.04_amd64.deb ...
Unpacking libasan5:amd64 (9.3.0-17ubuntu1~20.04) ...
Selecting previously unselected package liblsan0:amd64.
Preparing to unpack .../16-liblsan0_10.3.0-1ubuntu1~20.04_amd64.deb ...
Unpacking liblsan0:amd64 (10.3.0-1ubuntu1~20.04) ...
Selecting previously unselected package libtsan0:amd64.
Preparing to unpack .../17-libtsan0_10.3.0-1ubuntu1~20.04_amd64.deb ...
Unpacking libtsan0:amd64 (10.3.0-1ubuntu1~20.04) ...
Selecting previously unselected package libubsan1:amd64.
Preparing to unpack .../18-libubsan1_10.3.0-1ubuntu1~20.04_amd64.deb ...
Unpacking libubsan1:amd64 (10.3.0-1ubuntu1~20.04) ...
Selecting previously unselected package libquadmath0:amd64.
Preparing to unpack .../19-libquadmath0_10.3.0-1ubuntu1~20.04_amd64.deb ...
Unpacking libquadmath0:amd64 (10.3.0-1ubuntu1~20.04) ...
Selecting previously unselected package libgcc-9-dev:amd64.
Preparing to unpack .../20-libgcc-9-dev_9.3.0-17ubuntu1~20.04_amd64.deb ...
Unpacking libgcc-9-dev:amd64 (9.3.0-17ubuntu1~20.04) ...
Selecting previously unselected package gcc-9.
Preparing to unpack .../21-gcc-9_9.3.0-17ubuntu1~20.04_amd64.deb ...
Unpacking gcc-9 (9.3.0-17ubuntu1~20.04) ...
Selecting previously unselected package gcc.
Preparing to unpack .../22-gcc_4%3a9.3.0-1ubuntu2_amd64.deb ...
Unpacking gcc (4:9.3.0-1ubuntu2) ...
Selecting previously unselected package libdpkg-perl.
Preparing to unpack .../23-libdpkg-perl_1.19.7ubuntu3_all.deb ...
Unpacking libdpkg-perl (1.19.7ubuntu3) ...
Selecting previously unselected package make.
Preparing to unpack .../24-make_4.2.1-1.2_amd64.deb ...
Unpacking make (4.2.1-1.2) ...
Selecting previously unselected package dpkg-dev.
Preparing to unpack .../25-dpkg-dev_1.19.7ubuntu3_all.deb ...
Unpacking dpkg-dev (1.19.7ubuntu3) ...
Selecting previously unselected package libc-dev-bin.
Preparing to unpack .../26-libc-dev-bin_2.31-0ubuntu9.2_amd64.deb ...
Unpacking libc-dev-bin (2.31-0ubuntu9.2) ...
Selecting previously unselected package linux-libc-dev:amd64.
Preparing to unpack .../27-linux-libc-dev_5.4.0-91.102_amd64.deb ...
Unpacking linux-libc-dev:amd64 (5.4.0-91.102) ...
Selecting previously unselected package libcrypt-dev:amd64.
Preparing to unpack .../28-libcrypt-dev_1%3a4.4.10-10ubuntu4_amd64.deb ...
Unpacking libcrypt-dev:amd64 (1:4.4.10-10ubuntu4) ...
Selecting previously unselected package libc6-dev:amd64.
Preparing to unpack .../29-libc6-dev_2.31-0ubuntu9.2_amd64.deb ...
Unpacking libc6-dev:amd64 (2.31-0ubuntu9.2) ...
Selecting previously unselected package libstdc++-9-dev:amd64.
Preparing to unpack .../30-libstdc++-9-dev_9.3.0-17ubuntu1~20.04_amd64.deb ...
Unpacking libstdc++-9-dev:amd64 (9.3.0-17ubuntu1~20.04) ...
Selecting previously unselected package g++-9.
Preparing to unpack .../31-g++-9_9.3.0-17ubuntu1~20.04_amd64.deb ...
Unpacking g++-9 (9.3.0-17ubuntu1~20.04) ...
Selecting previously unselected package g++.
Preparing to unpack .../32-g++_4%3a9.3.0-1ubuntu2_amd64.deb ...
Unpacking g++ (4:9.3.0-1ubuntu2) ...
Selecting previously unselected package build-essential.
Preparing to unpack .../33-build-essential_12.8ubuntu1.1_amd64.deb ...
Unpacking build-essential (12.8ubuntu1.1) ...
Selecting previously unselected package dctrl-tools.
Preparing to unpack .../34-dctrl-tools_2.24-3_amd64.deb ...
Unpacking dctrl-tools (2.24-3) ...
Selecting previously unselected package dkms.
Preparing to unpack .../35-dkms_2.8.1-5ubuntu2_all.deb ...
Unpacking dkms (2.8.1-5ubuntu2) ...
Selecting previously unselected package libfakeroot:amd64.
Preparing to unpack .../36-libfakeroot_1.24-1_amd64.deb ...
Unpacking libfakeroot:amd64 (1.24-1) ...
Selecting previously unselected package fakeroot.
Preparing to unpack .../37-fakeroot_1.24-1_amd64.deb ...
Unpacking fakeroot (1.24-1) ...
Selecting previously unselected package libalgorithm-diff-perl.
Preparing to unpack .../38-libalgorithm-diff-perl_1.19.03-2_all.deb ...
Unpacking libalgorithm-diff-perl (1.19.03-2) ...
Selecting previously unselected package libalgorithm-diff-xs-perl.
Preparing to unpack .../39-libalgorithm-diff-xs-perl_0.04-6_amd64.deb ...
Unpacking libalgorithm-diff-xs-perl (0.04-6) ...
Selecting previously unselected package libalgorithm-merge-perl.
Preparing to unpack .../40-libalgorithm-merge-perl_0.08-3_all.deb ...
Unpacking libalgorithm-merge-perl (0.08-3) ...
Selecting previously unselected package libfile-fcntllock-perl.
Preparing to unpack .../41-libfile-fcntllock-perl_0.22-3build4_amd64.deb ...
Unpacking libfile-fcntllock-perl (0.22-3build4) ...
Selecting previously unselected package manpages-dev.
Preparing to unpack .../42-manpages-dev_5.05-1_all.deb ...
Unpacking manpages-dev (5.05-1) ...
Setting up manpages-dev (5.05-1) ...
Setting up libfile-fcntllock-perl (0.22-3build4) ...
Setting up libalgorithm-diff-perl (1.19.03-2) ...
Setting up binutils-common:amd64 (2.34-6ubuntu1.3) ...
Setting up linux-libc-dev:amd64 (5.4.0-91.102) ...
Setting up libctf-nobfd0:amd64 (2.34-6ubuntu1.3) ...
Setting up libgomp1:amd64 (10.3.0-1ubuntu1~20.04) ...
Setting up libfakeroot:amd64 (1.24-1) ...
Setting up fakeroot (1.24-1) ...
update-alternatives: using /usr/bin/fakeroot-sysv to provide /usr/bin/fakeroot (fakeroot) in auto mode
Setting up make (4.2.1-1.2) ...
Setting up libquadmath0:amd64 (10.3.0-1ubuntu1~20.04) ...
Setting up libmpc3:amd64 (1.1.0-1) ...
Setting up libatomic1:amd64 (10.3.0-1ubuntu1~20.04) ...
Setting up libdpkg-perl (1.19.7ubuntu3) ...
Setting up libubsan1:amd64 (10.3.0-1ubuntu1~20.04) ...
Setting up libcrypt-dev:amd64 (1:4.4.10-10ubuntu4) ...
Setting up libisl22:amd64 (0.22.1-1) ...
Setting up libbinutils:amd64 (2.34-6ubuntu1.3) ...
Setting up libc-dev-bin (2.31-0ubuntu9.2) ...
Setting up libalgorithm-diff-xs-perl (0.04-6) ...
Setting up libcc1-0:amd64 (10.3.0-1ubuntu1~20.04) ...
Setting up liblsan0:amd64 (10.3.0-1ubuntu1~20.04) ...
Setting up dctrl-tools (2.24-3) ...
Setting up libitm1:amd64 (10.3.0-1ubuntu1~20.04) ...
Setting up gcc-9-base:amd64 (9.3.0-17ubuntu1~20.04) ...
Setting up libalgorithm-merge-perl (0.08-3) ...
Setting up libtsan0:amd64 (10.3.0-1ubuntu1~20.04) ...
Setting up libctf0:amd64 (2.34-6ubuntu1.3) ...
Setting up libasan5:amd64 (9.3.0-17ubuntu1~20.04) ...
Setting up cpp-9 (9.3.0-17ubuntu1~20.04) ...
Setting up libc6-dev:amd64 (2.31-0ubuntu9.2) ...
Setting up binutils-x86-64-linux-gnu (2.34-6ubuntu1.3) ...
Setting up binutils (2.34-6ubuntu1.3) ...
Setting up dpkg-dev (1.19.7ubuntu3) ...
Setting up libgcc-9-dev:amd64 (9.3.0-17ubuntu1~20.04) ...
Setting up cpp (4:9.3.0-1ubuntu2) ...
Setting up gcc-9 (9.3.0-17ubuntu1~20.04) ...
Setting up libstdc++-9-dev:amd64 (9.3.0-17ubuntu1~20.04) ...
Setting up gcc (4:9.3.0-1ubuntu2) ...
Setting up dkms (2.8.1-5ubuntu2) ...
Setting up g++-9 (9.3.0-17ubuntu1~20.04) ...
Setting up g++ (4:9.3.0-1ubuntu2) ...
update-alternatives: using /usr/bin/g++ to provide /usr/bin/c++ (c++) in auto mode
Setting up build-essential (12.8ubuntu1.1) ...
Processing triggers for man-db (2.9.1-1) ...
Processing triggers for libc-bin (2.31-0ubuntu9.2) ...
Copy iso file /usr/share/virtualbox/VBoxGuestAdditions.iso into the box /tmp/VBoxGuestAdditions.iso
Mounting Virtualbox Guest Additions ISO to: /mnt
mount: /mnt: WARNING: device write-protected, mounted read-only.
Installing Virtualbox Guest Additions 6.1.30 - guest version is 6.1.26
Verifying archive integrity... All good.
Uncompressing VirtualBox 6.1.30 Guest Additions for Linux........
VirtualBox Guest Additions installer
Copying additional installer modules ...
Installing additional modules ...
VirtualBox Guest Additions: Starting.
VirtualBox Guest Additions: Building the VirtualBox Guest Additions kernel
modules.  This may take a while.
VirtualBox Guest Additions: To build modules for other installed kernels, run
VirtualBox Guest Additions:   /sbin/rcvboxadd quicksetup <version>
VirtualBox Guest Additions: or
VirtualBox Guest Additions:   /sbin/rcvboxadd quicksetup all
VirtualBox Guest Additions: Building the modules for kernel 5.4.0-91-generic.
update-initramfs: Generating /boot/initrd.img-5.4.0-91-generic
Unmounting Virtualbox Guest Additions ISO from: /mnt
==> kmaster: Checking for guest additions in VM...
==> kmaster: Setting hostname...
==> kmaster: Configuring and enabling network interfaces...
==> kmaster: Running provisioner: shell...
    kmaster: Running: /tmp/vagrant-shell20220102-87504-16audua.sh
    kmaster: ********Preparaing the operating system********
    kmaster: [TASK 1] Disable and turn off SWAP
    kmaster: [TASK 2] Stop and Disable firewall
    kmaster: [TASK 3] Enable and Load Kernel modules
    kmaster: [TASK 4] Add Kernel settings
    kmaster: [TASK 5] Install containerd runtime
    kmaster: [TASK 6] Add apt repo for kubernetes
    kmaster: [TASK 7] Install Kubernetes components (kubeadm, kubelet and kubectl)
    kmaster: kubelet set on hold.
    kmaster: kubeadm set on hold.
    kmaster: kubectl set on hold.
    kmaster: [TASK 8] Enable ssh password authentication
    kmaster: [TASK 9] Set root password
    kmaster: [TASK 10] Update /etc/hosts file
==> kmaster: Configuring proxy for Git...
==> kmaster: Running provisioner: shell...
    kmaster: Running: /tmp/vagrant-shell20220102-87504-j7udh8.sh
    kmaster: [TASK 1] Pull required images
    kmaster: [TASK 2] Initialize Kubernetes Cluster
    kmaster: [TASK 3] Deploy Calico network
    kmaster: [TASK 4] Generate and save cluster join command to /joincluster.sh
==> kmaster: Configuring proxy for Git...
==> kworker1: Box 'generic/ubuntu2004' could not be found. Attempting to find and install...
    kworker1: Box Provider: virtualbox
    kworker1: Box Version: 3.6.4
==> kworker1: Loading metadata for box 'generic/ubuntu2004'
    kworker1: URL: https://vagrantcloud.com/generic/ubuntu2004
==> kworker1: Adding box 'generic/ubuntu2004' (v3.6.4) for provider: virtualbox
==> kworker1: Importing base box 'generic/ubuntu2004'...
==> kworker1: Matching MAC address for NAT networking...
==> kworker1: Setting the name of the VM: kworker1
==> kworker1: Fixed port collision for 22 => 2222. Now on port 2200.
==> kworker1: Clearing any previously set network interfaces...
==> kworker1: Preparing network interfaces based on configuration...
    kworker1: Adapter 1: nat
    kworker1: Adapter 2: hostonly
==> kworker1: Forwarding ports...
    kworker1: 22 (guest) => 2200 (host) (adapter 1)
==> kworker1: Running 'pre-boot' VM customizations...
==> kworker1: Booting VM...
==> kworker1: Waiting for machine to boot. This may take a few minutes...
    kworker1: SSH address: 127.0.0.1:2200
    kworker1: SSH username: vagrant
    kworker1: SSH auth method: private key
    kworker1: Warning: Connection reset. Retrying...
    kworker1: Warning: Remote connection disconnect. Retrying...
    kworker1:
    kworker1: Vagrant insecure key detected. Vagrant will automatically replace
    kworker1: this with a newly generated keypair for better security.
    kworker1:
    kworker1: Inserting generated public key within guest...
    kworker1: Removing insecure key from the guest if it's present...
    kworker1: Key inserted! Disconnecting and reconnecting using new SSH key...
==> kworker1: Machine booted and ready!
==> kworker1: Configuring proxy for Apt...
==> kworker1: Configuring proxy environment variables...
==> kworker1: Configuring proxy for Git...
[kworker1] A Virtualbox Guest Additions installation was found but no tools to rebuild or start them.
Reading package lists...
Building dependency tree...
Reading state information...
Package 'virtualbox-guest-dkms' is not installed, so not removed
Package 'virtualbox-guest-x11' is not installed, so not removed
The following packages will be REMOVED:
  virtualbox-guest-utils*
0 upgraded, 0 newly installed, 1 to remove and 0 not upgraded.
After this operation, 5,942 kB disk space will be freed.
(Reading database ... 111200 files and directories currently installed.)
Removing virtualbox-guest-utils (6.1.26-dfsg-3~ubuntu1.20.04.2) ...
Processing triggers for man-db (2.9.1-1) ...
(Reading database ... 111187 files and directories currently installed.)
Purging configuration files for virtualbox-guest-utils (6.1.26-dfsg-3~ubuntu1.20.04.2) ...
Processing triggers for systemd (245.4-4ubuntu3.13) ...
Reading package lists...
Building dependency tree...
Reading state information...
linux-headers-5.4.0-91-generic is already the newest version (5.4.0-91.102).
linux-headers-5.4.0-91-generic set to manually installed.
The following additional packages will be installed:
  binutils binutils-common binutils-x86-64-linux-gnu build-essential cpp cpp-9
  dctrl-tools dpkg-dev fakeroot g++ g++-9 gcc gcc-9 gcc-9-base
  libalgorithm-diff-perl libalgorithm-diff-xs-perl libalgorithm-merge-perl
  libasan5 libatomic1 libbinutils libc-dev-bin libc6-dev libcc1-0 libcrypt-dev
  libctf-nobfd0 libctf0 libdpkg-perl libfakeroot libfile-fcntllock-perl
  libgcc-9-dev libgomp1 libisl22 libitm1 liblsan0 libmpc3 libquadmath0
  libstdc++-9-dev libtsan0 libubsan1 linux-libc-dev make manpages-dev
Suggested packages:
  binutils-doc cpp-doc gcc-9-locales debtags menu debian-keyring g++-multilib
  g++-9-multilib gcc-9-doc gcc-multilib autoconf automake libtool flex bison
  gdb gcc-doc gcc-9-multilib glibc-doc bzr libstdc++-9-doc make-doc
The following NEW packages will be installed:
  binutils binutils-common binutils-x86-64-linux-gnu build-essential cpp cpp-9
  dctrl-tools dkms dpkg-dev fakeroot g++ g++-9 gcc gcc-9 gcc-9-base
  libalgorithm-diff-perl libalgorithm-diff-xs-perl libalgorithm-merge-perl
  libasan5 libatomic1 libbinutils libc-dev-bin libc6-dev libcc1-0 libcrypt-dev
  libctf-nobfd0 libctf0 libdpkg-perl libfakeroot libfile-fcntllock-perl
  libgcc-9-dev libgomp1 libisl22 libitm1 liblsan0 libmpc3 libquadmath0
  libstdc++-9-dev libtsan0 libubsan1 linux-libc-dev make manpages-dev
0 upgraded, 43 newly installed, 0 to remove and 0 not upgraded.
Need to get 43.1 MB of archives.
After this operation, 189 MB of additional disk space will be used.
Get:1 http://us.archive.ubuntu.com/ubuntu focal-updates/main amd64 gcc-9-base amd64 9.3.0-17ubuntu1~20.04 [19.1 kB]
Get:2 http://us.archive.ubuntu.com/ubuntu focal/main amd64 libisl22 amd64 0.22.1-1 [592 kB]
Get:3 http://us.archive.ubuntu.com/ubuntu focal/main amd64 libmpc3 amd64 1.1.0-1 [40.8 kB]
Get:4 http://us.archive.ubuntu.com/ubuntu focal-updates/main amd64 cpp-9 amd64 9.3.0-17ubuntu1~20.04 [7,494 kB]
Get:5 http://us.archive.ubuntu.com/ubuntu focal/main amd64 cpp amd64 4:9.3.0-1ubuntu2 [27.6 kB]
Get:6 http://us.archive.ubuntu.com/ubuntu focal-updates/main amd64 libcc1-0 amd64 10.3.0-1ubuntu1~20.04 [48.8 kB]
Get:7 http://us.archive.ubuntu.com/ubuntu focal-updates/main amd64 binutils-common amd64 2.34-6ubuntu1.3 [207 kB]
Get:8 http://us.archive.ubuntu.com/ubuntu focal-updates/main amd64 libbinutils amd64 2.34-6ubuntu1.3 [474 kB]
Get:9 http://us.archive.ubuntu.com/ubuntu focal-updates/main amd64 libctf-nobfd0 amd64 2.34-6ubuntu1.3 [47.4 kB]
Get:10 http://us.archive.ubuntu.com/ubuntu focal-updates/main amd64 libctf0 amd64 2.34-6ubuntu1.3 [46.6 kB]
Get:11 http://us.archive.ubuntu.com/ubuntu focal-updates/main amd64 binutils-x86-64-linux-gnu amd64 2.34-6ubuntu1.3 [1,613 kB]
Get:12 http://us.archive.ubuntu.com/ubuntu focal-updates/main amd64 binutils amd64 2.34-6ubuntu1.3 [3,380 B]
Get:13 http://us.archive.ubuntu.com/ubuntu focal-updates/main amd64 libgomp1 amd64 10.3.0-1ubuntu1~20.04 [102 kB]
Get:14 http://us.archive.ubuntu.com/ubuntu focal-updates/main amd64 libitm1 amd64 10.3.0-1ubuntu1~20.04 [26.2 kB]
Get:15 http://us.archive.ubuntu.com/ubuntu focal-updates/main amd64 libatomic1 amd64 10.3.0-1ubuntu1~20.04 [9,284 B]
Get:16 http://us.archive.ubuntu.com/ubuntu focal-updates/main amd64 libasan5 amd64 9.3.0-17ubuntu1~20.04 [394 kB]
Get:17 http://us.archive.ubuntu.com/ubuntu focal-updates/main amd64 liblsan0 amd64 10.3.0-1ubuntu1~20.04 [835 kB]
Get:18 http://us.archive.ubuntu.com/ubuntu focal-updates/main amd64 libtsan0 amd64 10.3.0-1ubuntu1~20.04 [2,009 kB]
Get:19 http://us.archive.ubuntu.com/ubuntu focal-updates/main amd64 libubsan1 amd64 10.3.0-1ubuntu1~20.04 [784 kB]
Get:20 http://us.archive.ubuntu.com/ubuntu focal-updates/main amd64 libquadmath0 amd64 10.3.0-1ubuntu1~20.04 [146 kB]
Get:21 http://us.archive.ubuntu.com/ubuntu focal-updates/main amd64 libgcc-9-dev amd64 9.3.0-17ubuntu1~20.04 [2,360 kB]
Get:22 http://us.archive.ubuntu.com/ubuntu focal-updates/main amd64 gcc-9 amd64 9.3.0-17ubuntu1~20.04 [8,241 kB]
Get:23 http://us.archive.ubuntu.com/ubuntu focal/main amd64 gcc amd64 4:9.3.0-1ubuntu2 [5,208 B]
Get:24 http://us.archive.ubuntu.com/ubuntu focal/main amd64 libdpkg-perl all 1.19.7ubuntu3 [230 kB]
Get:25 http://us.archive.ubuntu.com/ubuntu focal/main amd64 make amd64 4.2.1-1.2 [162 kB]
Get:26 http://us.archive.ubuntu.com/ubuntu focal/main amd64 dpkg-dev all 1.19.7ubuntu3 [679 kB]
Get:27 http://us.archive.ubuntu.com/ubuntu focal-updates/main amd64 libc-dev-bin amd64 2.31-0ubuntu9.2 [71.8 kB]
Get:28 http://us.archive.ubuntu.com/ubuntu focal-updates/main amd64 linux-libc-dev amd64 5.4.0-91.102 [1,127 kB]
Get:29 http://us.archive.ubuntu.com/ubuntu focal/main amd64 libcrypt-dev amd64 1:4.4.10-10ubuntu4 [104 kB]
Get:30 http://us.archive.ubuntu.com/ubuntu focal-updates/main amd64 libc6-dev amd64 2.31-0ubuntu9.2 [2,520 kB]
Get:31 http://us.archive.ubuntu.com/ubuntu focal-updates/main amd64 libstdc++-9-dev amd64 9.3.0-17ubuntu1~20.04 [1,714 kB]
Get:32 http://us.archive.ubuntu.com/ubuntu focal-updates/main amd64 g++-9 amd64 9.3.0-17ubuntu1~20.04 [8,405 kB]
Get:33 http://us.archive.ubuntu.com/ubuntu focal/main amd64 g++ amd64 4:9.3.0-1ubuntu2 [1,604 B]
Get:34 http://us.archive.ubuntu.com/ubuntu focal-updates/main amd64 build-essential amd64 12.8ubuntu1.1 [4,664 B]
Get:35 http://us.archive.ubuntu.com/ubuntu focal/main amd64 dctrl-tools amd64 2.24-3 [61.5 kB]
Get:36 http://us.archive.ubuntu.com/ubuntu focal-updates/main amd64 dkms all 2.8.1-5ubuntu2 [66.8 kB]
Get:37 http://us.archive.ubuntu.com/ubuntu focal/main amd64 libfakeroot amd64 1.24-1 [25.7 kB]
Get:38 http://us.archive.ubuntu.com/ubuntu focal/main amd64 fakeroot amd64 1.24-1 [62.6 kB]
Get:39 http://us.archive.ubuntu.com/ubuntu focal/main amd64 libalgorithm-diff-perl all 1.19.03-2 [46.6 kB]
Get:40 http://us.archive.ubuntu.com/ubuntu focal/main amd64 libalgorithm-diff-xs-perl amd64 0.04-6 [11.3 kB]
Get:41 http://us.archive.ubuntu.com/ubuntu focal/main amd64 libalgorithm-merge-perl all 0.08-3 [12.0 kB]
Get:42 http://us.archive.ubuntu.com/ubuntu focal/main amd64 libfile-fcntllock-perl amd64 0.22-3build4 [33.1 kB]
Get:43 http://us.archive.ubuntu.com/ubuntu focal/main amd64 manpages-dev all 5.05-1 [2,266 kB]
Fetched 43.1 MB in 2min 16s (317 kB/s)
Selecting previously unselected package gcc-9-base:amd64.
(Reading database ... 111186 files and directories currently installed.)
Preparing to unpack .../00-gcc-9-base_9.3.0-17ubuntu1~20.04_amd64.deb ...
Unpacking gcc-9-base:amd64 (9.3.0-17ubuntu1~20.04) ...
Selecting previously unselected package libisl22:amd64.
Preparing to unpack .../01-libisl22_0.22.1-1_amd64.deb ...
Unpacking libisl22:amd64 (0.22.1-1) ...
Selecting previously unselected package libmpc3:amd64.
Preparing to unpack .../02-libmpc3_1.1.0-1_amd64.deb ...
Unpacking libmpc3:amd64 (1.1.0-1) ...
Selecting previously unselected package cpp-9.
Preparing to unpack .../03-cpp-9_9.3.0-17ubuntu1~20.04_amd64.deb ...
Unpacking cpp-9 (9.3.0-17ubuntu1~20.04) ...
Selecting previously unselected package cpp.
Preparing to unpack .../04-cpp_4%3a9.3.0-1ubuntu2_amd64.deb ...
Unpacking cpp (4:9.3.0-1ubuntu2) ...
Selecting previously unselected package libcc1-0:amd64.
Preparing to unpack .../05-libcc1-0_10.3.0-1ubuntu1~20.04_amd64.deb ...
Unpacking libcc1-0:amd64 (10.3.0-1ubuntu1~20.04) ...
Selecting previously unselected package binutils-common:amd64.
Preparing to unpack .../06-binutils-common_2.34-6ubuntu1.3_amd64.deb ...
Unpacking binutils-common:amd64 (2.34-6ubuntu1.3) ...
Selecting previously unselected package libbinutils:amd64.
Preparing to unpack .../07-libbinutils_2.34-6ubuntu1.3_amd64.deb ...
Unpacking libbinutils:amd64 (2.34-6ubuntu1.3) ...
Selecting previously unselected package libctf-nobfd0:amd64.
Preparing to unpack .../08-libctf-nobfd0_2.34-6ubuntu1.3_amd64.deb ...
Unpacking libctf-nobfd0:amd64 (2.34-6ubuntu1.3) ...
Selecting previously unselected package libctf0:amd64.
Preparing to unpack .../09-libctf0_2.34-6ubuntu1.3_amd64.deb ...
Unpacking libctf0:amd64 (2.34-6ubuntu1.3) ...
Selecting previously unselected package binutils-x86-64-linux-gnu.
Preparing to unpack .../10-binutils-x86-64-linux-gnu_2.34-6ubuntu1.3_amd64.deb ...
Unpacking binutils-x86-64-linux-gnu (2.34-6ubuntu1.3) ...
Selecting previously unselected package binutils.
Preparing to unpack .../11-binutils_2.34-6ubuntu1.3_amd64.deb ...
Unpacking binutils (2.34-6ubuntu1.3) ...
Selecting previously unselected package libgomp1:amd64.
Preparing to unpack .../12-libgomp1_10.3.0-1ubuntu1~20.04_amd64.deb ...
Unpacking libgomp1:amd64 (10.3.0-1ubuntu1~20.04) ...
Selecting previously unselected package libitm1:amd64.
Preparing to unpack .../13-libitm1_10.3.0-1ubuntu1~20.04_amd64.deb ...
Unpacking libitm1:amd64 (10.3.0-1ubuntu1~20.04) ...
Selecting previously unselected package libatomic1:amd64.
Preparing to unpack .../14-libatomic1_10.3.0-1ubuntu1~20.04_amd64.deb ...
Unpacking libatomic1:amd64 (10.3.0-1ubuntu1~20.04) ...
Selecting previously unselected package libasan5:amd64.
Preparing to unpack .../15-libasan5_9.3.0-17ubuntu1~20.04_amd64.deb ...
Unpacking libasan5:amd64 (9.3.0-17ubuntu1~20.04) ...
Selecting previously unselected package liblsan0:amd64.
Preparing to unpack .../16-liblsan0_10.3.0-1ubuntu1~20.04_amd64.deb ...
Unpacking liblsan0:amd64 (10.3.0-1ubuntu1~20.04) ...
Selecting previously unselected package libtsan0:amd64.
Preparing to unpack .../17-libtsan0_10.3.0-1ubuntu1~20.04_amd64.deb ...
Unpacking libtsan0:amd64 (10.3.0-1ubuntu1~20.04) ...
Selecting previously unselected package libubsan1:amd64.
Preparing to unpack .../18-libubsan1_10.3.0-1ubuntu1~20.04_amd64.deb ...
Unpacking libubsan1:amd64 (10.3.0-1ubuntu1~20.04) ...
Selecting previously unselected package libquadmath0:amd64.
Preparing to unpack .../19-libquadmath0_10.3.0-1ubuntu1~20.04_amd64.deb ...
Unpacking libquadmath0:amd64 (10.3.0-1ubuntu1~20.04) ...
Selecting previously unselected package libgcc-9-dev:amd64.
Preparing to unpack .../20-libgcc-9-dev_9.3.0-17ubuntu1~20.04_amd64.deb ...
Unpacking libgcc-9-dev:amd64 (9.3.0-17ubuntu1~20.04) ...
Selecting previously unselected package gcc-9.
Preparing to unpack .../21-gcc-9_9.3.0-17ubuntu1~20.04_amd64.deb ...
Unpacking gcc-9 (9.3.0-17ubuntu1~20.04) ...
Selecting previously unselected package gcc.
Preparing to unpack .../22-gcc_4%3a9.3.0-1ubuntu2_amd64.deb ...
Unpacking gcc (4:9.3.0-1ubuntu2) ...
Selecting previously unselected package libdpkg-perl.
Preparing to unpack .../23-libdpkg-perl_1.19.7ubuntu3_all.deb ...
Unpacking libdpkg-perl (1.19.7ubuntu3) ...
Selecting previously unselected package make.
Preparing to unpack .../24-make_4.2.1-1.2_amd64.deb ...
Unpacking make (4.2.1-1.2) ...
Selecting previously unselected package dpkg-dev.
Preparing to unpack .../25-dpkg-dev_1.19.7ubuntu3_all.deb ...
Unpacking dpkg-dev (1.19.7ubuntu3) ...
Selecting previously unselected package libc-dev-bin.
Preparing to unpack .../26-libc-dev-bin_2.31-0ubuntu9.2_amd64.deb ...
Unpacking libc-dev-bin (2.31-0ubuntu9.2) ...
Selecting previously unselected package linux-libc-dev:amd64.
Preparing to unpack .../27-linux-libc-dev_5.4.0-91.102_amd64.deb ...
Unpacking linux-libc-dev:amd64 (5.4.0-91.102) ...
Selecting previously unselected package libcrypt-dev:amd64.
Preparing to unpack .../28-libcrypt-dev_1%3a4.4.10-10ubuntu4_amd64.deb ...
Unpacking libcrypt-dev:amd64 (1:4.4.10-10ubuntu4) ...
Selecting previously unselected package libc6-dev:amd64.
Preparing to unpack .../29-libc6-dev_2.31-0ubuntu9.2_amd64.deb ...
Unpacking libc6-dev:amd64 (2.31-0ubuntu9.2) ...
Selecting previously unselected package libstdc++-9-dev:amd64.
Preparing to unpack .../30-libstdc++-9-dev_9.3.0-17ubuntu1~20.04_amd64.deb ...
Unpacking libstdc++-9-dev:amd64 (9.3.0-17ubuntu1~20.04) ...
Selecting previously unselected package g++-9.
Preparing to unpack .../31-g++-9_9.3.0-17ubuntu1~20.04_amd64.deb ...
Unpacking g++-9 (9.3.0-17ubuntu1~20.04) ...
Selecting previously unselected package g++.
Preparing to unpack .../32-g++_4%3a9.3.0-1ubuntu2_amd64.deb ...
Unpacking g++ (4:9.3.0-1ubuntu2) ...
Selecting previously unselected package build-essential.
Preparing to unpack .../33-build-essential_12.8ubuntu1.1_amd64.deb ...
Unpacking build-essential (12.8ubuntu1.1) ...
Selecting previously unselected package dctrl-tools.
Preparing to unpack .../34-dctrl-tools_2.24-3_amd64.deb ...
Unpacking dctrl-tools (2.24-3) ...
Selecting previously unselected package dkms.
Preparing to unpack .../35-dkms_2.8.1-5ubuntu2_all.deb ...
Unpacking dkms (2.8.1-5ubuntu2) ...
Selecting previously unselected package libfakeroot:amd64.
Preparing to unpack .../36-libfakeroot_1.24-1_amd64.deb ...
Unpacking libfakeroot:amd64 (1.24-1) ...
Selecting previously unselected package fakeroot.
Preparing to unpack .../37-fakeroot_1.24-1_amd64.deb ...
Unpacking fakeroot (1.24-1) ...
Selecting previously unselected package libalgorithm-diff-perl.
Preparing to unpack .../38-libalgorithm-diff-perl_1.19.03-2_all.deb ...
Unpacking libalgorithm-diff-perl (1.19.03-2) ...
Selecting previously unselected package libalgorithm-diff-xs-perl.
Preparing to unpack .../39-libalgorithm-diff-xs-perl_0.04-6_amd64.deb ...
Unpacking libalgorithm-diff-xs-perl (0.04-6) ...
Selecting previously unselected package libalgorithm-merge-perl.
Preparing to unpack .../40-libalgorithm-merge-perl_0.08-3_all.deb ...
Unpacking libalgorithm-merge-perl (0.08-3) ...
Selecting previously unselected package libfile-fcntllock-perl.
Preparing to unpack .../41-libfile-fcntllock-perl_0.22-3build4_amd64.deb ...
Unpacking libfile-fcntllock-perl (0.22-3build4) ...
Selecting previously unselected package manpages-dev.
Preparing to unpack .../42-manpages-dev_5.05-1_all.deb ...
Unpacking manpages-dev (5.05-1) ...
Setting up manpages-dev (5.05-1) ...
Setting up libfile-fcntllock-perl (0.22-3build4) ...
Setting up libalgorithm-diff-perl (1.19.03-2) ...
Setting up binutils-common:amd64 (2.34-6ubuntu1.3) ...
Setting up linux-libc-dev:amd64 (5.4.0-91.102) ...
Setting up libctf-nobfd0:amd64 (2.34-6ubuntu1.3) ...
Setting up libgomp1:amd64 (10.3.0-1ubuntu1~20.04) ...
Setting up libfakeroot:amd64 (1.24-1) ...
Setting up fakeroot (1.24-1) ...
update-alternatives: using /usr/bin/fakeroot-sysv to provide /usr/bin/fakeroot (fakeroot) in auto mode
Setting up make (4.2.1-1.2) ...
Setting up libquadmath0:amd64 (10.3.0-1ubuntu1~20.04) ...
Setting up libmpc3:amd64 (1.1.0-1) ...
Setting up libatomic1:amd64 (10.3.0-1ubuntu1~20.04) ...
Setting up libdpkg-perl (1.19.7ubuntu3) ...
Setting up libubsan1:amd64 (10.3.0-1ubuntu1~20.04) ...
Setting up libcrypt-dev:amd64 (1:4.4.10-10ubuntu4) ...
Setting up libisl22:amd64 (0.22.1-1) ...
Setting up libbinutils:amd64 (2.34-6ubuntu1.3) ...
Setting up libc-dev-bin (2.31-0ubuntu9.2) ...
Setting up libalgorithm-diff-xs-perl (0.04-6) ...
Setting up libcc1-0:amd64 (10.3.0-1ubuntu1~20.04) ...
Setting up liblsan0:amd64 (10.3.0-1ubuntu1~20.04) ...
Setting up dctrl-tools (2.24-3) ...
Setting up libitm1:amd64 (10.3.0-1ubuntu1~20.04) ...
Setting up gcc-9-base:amd64 (9.3.0-17ubuntu1~20.04) ...
Setting up libalgorithm-merge-perl (0.08-3) ...
Setting up libtsan0:amd64 (10.3.0-1ubuntu1~20.04) ...
Setting up libctf0:amd64 (2.34-6ubuntu1.3) ...
Setting up libasan5:amd64 (9.3.0-17ubuntu1~20.04) ...
Setting up cpp-9 (9.3.0-17ubuntu1~20.04) ...
Setting up libc6-dev:amd64 (2.31-0ubuntu9.2) ...
Setting up binutils-x86-64-linux-gnu (2.34-6ubuntu1.3) ...
Setting up binutils (2.34-6ubuntu1.3) ...
Setting up dpkg-dev (1.19.7ubuntu3) ...
Setting up libgcc-9-dev:amd64 (9.3.0-17ubuntu1~20.04) ...
Setting up cpp (4:9.3.0-1ubuntu2) ...
Setting up gcc-9 (9.3.0-17ubuntu1~20.04) ...
Setting up libstdc++-9-dev:amd64 (9.3.0-17ubuntu1~20.04) ...
Setting up gcc (4:9.3.0-1ubuntu2) ...
Setting up dkms (2.8.1-5ubuntu2) ...
Setting up g++-9 (9.3.0-17ubuntu1~20.04) ...
Setting up g++ (4:9.3.0-1ubuntu2) ...
update-alternatives: using /usr/bin/g++ to provide /usr/bin/c++ (c++) in auto mode
Setting up build-essential (12.8ubuntu1.1) ...
Processing triggers for man-db (2.9.1-1) ...
Processing triggers for libc-bin (2.31-0ubuntu9.2) ...
Copy iso file /usr/share/virtualbox/VBoxGuestAdditions.iso into the box /tmp/VBoxGuestAdditions.iso
Mounting Virtualbox Guest Additions ISO to: /mnt
mount: /mnt: WARNING: device write-protected, mounted read-only.
Installing Virtualbox Guest Additions 6.1.30 - guest version is 6.1.26
Verifying archive integrity... All good.
Uncompressing VirtualBox 6.1.30 Guest Additions for Linux........
VirtualBox Guest Additions installer
Copying additional installer modules ...
Installing additional modules ...
VirtualBox Guest Additions: Starting.
VirtualBox Guest Additions: Building the VirtualBox Guest Additions kernel
modules.  This may take a while.
VirtualBox Guest Additions: To build modules for other installed kernels, run
VirtualBox Guest Additions:   /sbin/rcvboxadd quicksetup <version>
VirtualBox Guest Additions: or
VirtualBox Guest Additions:   /sbin/rcvboxadd quicksetup all
VirtualBox Guest Additions: Building the modules for kernel 5.4.0-91-generic.
update-initramfs: Generating /boot/initrd.img-5.4.0-91-generic
Unmounting Virtualbox Guest Additions ISO from: /mnt
==> kworker1: Checking for guest additions in VM...
==> kworker1: Setting hostname...
==> kworker1: Configuring and enabling network interfaces...
==> kworker1: Running provisioner: shell...
    kworker1: Running: /tmp/vagrant-shell20220102-87504-ahcdbl.sh
    kworker1: ********Preparaing the operating system********
    kworker1: [TASK 1] Disable and turn off SWAP
    kworker1: [TASK 2] Stop and Disable firewall
    kworker1: [TASK 3] Enable and Load Kernel modules
    kworker1: [TASK 4] Add Kernel settings
    kworker1: [TASK 5] Install containerd runtime
    kworker1: [TASK 6] Add apt repo for kubernetes
    kworker1: [TASK 7] Install Kubernetes components (kubeadm, kubelet and kubectl)
    kworker1: kubelet set on hold.
    kworker1: kubeadm set on hold.
    kworker1: kubectl set on hold.
    kworker1: [TASK 8] Enable ssh password authentication
    kworker1: [TASK 9] Set root password
    kworker1: [TASK 10] Update /etc/hosts file
==> kworker1: Configuring proxy for Git...
==> kworker1: Running provisioner: shell...
    kworker1: Running: /tmp/vagrant-shell20220102-87504-1o67ip4.sh
    kworker1: [TASK 1] Join node to Kubernetes Cluster
==> kworker1: Configuring proxy for Git...
==> kworker2: Box 'generic/ubuntu2004' could not be found. Attempting to find and install...
    kworker2: Box Provider: virtualbox
    kworker2: Box Version: 3.6.4
==> kworker2: Loading metadata for box 'generic/ubuntu2004'
    kworker2: URL: https://vagrantcloud.com/generic/ubuntu2004
==> kworker2: Adding box 'generic/ubuntu2004' (v3.6.4) for provider: virtualbox
==> kworker2: Importing base box 'generic/ubuntu2004'...
==> kworker2: Matching MAC address for NAT networking...
==> kworker2: Setting the name of the VM: kworker2
==> kworker2: Fixed port collision for 22 => 2222. Now on port 2201.
==> kworker2: Clearing any previously set network interfaces...
==> kworker2: Preparing network interfaces based on configuration...
    kworker2: Adapter 1: nat
    kworker2: Adapter 2: hostonly
==> kworker2: Forwarding ports...
    kworker2: 22 (guest) => 2201 (host) (adapter 1)
==> kworker2: Running 'pre-boot' VM customizations...
==> kworker2: Booting VM...
==> kworker2: Waiting for machine to boot. This may take a few minutes...
    kworker2: SSH address: 127.0.0.1:2201
    kworker2: SSH username: vagrant
    kworker2: SSH auth method: private key
    kworker2:
    kworker2: Vagrant insecure key detected. Vagrant will automatically replace
    kworker2: this with a newly generated keypair for better security.
    kworker2:
    kworker2: Inserting generated public key within guest...
    kworker2: Removing insecure key from the guest if it's present...
    kworker2: Key inserted! Disconnecting and reconnecting using new SSH key...
==> kworker2: Machine booted and ready!
==> kworker2: Configuring proxy for Apt...
==> kworker2: Configuring proxy environment variables...
==> kworker2: Configuring proxy for Git...
[kworker2] A Virtualbox Guest Additions installation was found but no tools to rebuild or start them.
Reading package lists...
Building dependency tree...
Reading state information...
Package 'virtualbox-guest-dkms' is not installed, so not removed
Package 'virtualbox-guest-x11' is not installed, so not removed
The following packages will be REMOVED:
  virtualbox-guest-utils*
0 upgraded, 0 newly installed, 1 to remove and 0 not upgraded.
After this operation, 5,942 kB disk space will be freed.
(Reading database ... 111200 files and directories currently installed.)
Removing virtualbox-guest-utils (6.1.26-dfsg-3~ubuntu1.20.04.2) ...
Processing triggers for man-db (2.9.1-1) ...
(Reading database ... 111187 files and directories currently installed.)
Purging configuration files for virtualbox-guest-utils (6.1.26-dfsg-3~ubuntu1.20.04.2) ...
Processing triggers for systemd (245.4-4ubuntu3.13) ...
Reading package lists...
Building dependency tree...
Reading state information...
linux-headers-5.4.0-91-generic is already the newest version (5.4.0-91.102).
linux-headers-5.4.0-91-generic set to manually installed.
The following additional packages will be installed:
  binutils binutils-common binutils-x86-64-linux-gnu build-essential cpp cpp-9
  dctrl-tools dpkg-dev fakeroot g++ g++-9 gcc gcc-9 gcc-9-base
  libalgorithm-diff-perl libalgorithm-diff-xs-perl libalgorithm-merge-perl
  libasan5 libatomic1 libbinutils libc-dev-bin libc6-dev libcc1-0 libcrypt-dev
  libctf-nobfd0 libctf0 libdpkg-perl libfakeroot libfile-fcntllock-perl
  libgcc-9-dev libgomp1 libisl22 libitm1 liblsan0 libmpc3 libquadmath0
  libstdc++-9-dev libtsan0 libubsan1 linux-libc-dev make manpages-dev
Suggested packages:
  binutils-doc cpp-doc gcc-9-locales debtags menu debian-keyring g++-multilib
  g++-9-multilib gcc-9-doc gcc-multilib autoconf automake libtool flex bison
  gdb gcc-doc gcc-9-multilib glibc-doc bzr libstdc++-9-doc make-doc
The following NEW packages will be installed:
  binutils binutils-common binutils-x86-64-linux-gnu build-essential cpp cpp-9
  dctrl-tools dkms dpkg-dev fakeroot g++ g++-9 gcc gcc-9 gcc-9-base
  libalgorithm-diff-perl libalgorithm-diff-xs-perl libalgorithm-merge-perl
  libasan5 libatomic1 libbinutils libc-dev-bin libc6-dev libcc1-0 libcrypt-dev
  libctf-nobfd0 libctf0 libdpkg-perl libfakeroot libfile-fcntllock-perl
  libgcc-9-dev libgomp1 libisl22 libitm1 liblsan0 libmpc3 libquadmath0
  libstdc++-9-dev libtsan0 libubsan1 linux-libc-dev make manpages-dev
0 upgraded, 43 newly installed, 0 to remove and 0 not upgraded.
Need to get 43.1 MB of archives.
After this operation, 189 MB of additional disk space will be used.
Get:1 http://us.archive.ubuntu.com/ubuntu focal-updates/main amd64 gcc-9-base amd64 9.3.0-17ubuntu1~20.04 [19.1 kB]
Get:2 http://us.archive.ubuntu.com/ubuntu focal/main amd64 libisl22 amd64 0.22.1-1 [592 kB]
Get:2 http://us.archive.ubuntu.com/ubuntu focal/main amd64 libisl22 amd64 0.22.1-1 [592 kB]
Get:3 http://us.archive.ubuntu.com/ubuntu focal/main amd64 libmpc3 amd64 1.1.0-1 [40.8 kB]
Get:4 http://us.archive.ubuntu.com/ubuntu focal-updates/main amd64 cpp-9 amd64 9.3.0-17ubuntu1~20.04 [7,494 kB]
Get:5 http://us.archive.ubuntu.com/ubuntu focal/main amd64 cpp amd64 4:9.3.0-1ubuntu2 [27.6 kB]
Get:6 http://us.archive.ubuntu.com/ubuntu focal-updates/main amd64 libcc1-0 amd64 10.3.0-1ubuntu1~20.04 [48.8 kB]
Get:7 http://us.archive.ubuntu.com/ubuntu focal-updates/main amd64 binutils-common amd64 2.34-6ubuntu1.3 [207 kB]
Get:8 http://us.archive.ubuntu.com/ubuntu focal-updates/main amd64 libbinutils amd64 2.34-6ubuntu1.3 [474 kB]
Get:9 http://us.archive.ubuntu.com/ubuntu focal-updates/main amd64 libctf-nobfd0 amd64 2.34-6ubuntu1.3 [47.4 kB]
Get:10 http://us.archive.ubuntu.com/ubuntu focal-updates/main amd64 libctf0 amd64 2.34-6ubuntu1.3 [46.6 kB]
Get:11 http://us.archive.ubuntu.com/ubuntu focal-updates/main amd64 binutils-x86-64-linux-gnu amd64 2.34-6ubuntu1.3 [1,613 kB]
Get:12 http://us.archive.ubuntu.com/ubuntu focal-updates/main amd64 binutils amd64 2.34-6ubuntu1.3 [3,380 B]
Get:13 http://us.archive.ubuntu.com/ubuntu focal-updates/main amd64 libgomp1 amd64 10.3.0-1ubuntu1~20.04 [102 kB]
Get:14 http://us.archive.ubuntu.com/ubuntu focal-updates/main amd64 libitm1 amd64 10.3.0-1ubuntu1~20.04 [26.2 kB]
Get:15 http://us.archive.ubuntu.com/ubuntu focal-updates/main amd64 libatomic1 amd64 10.3.0-1ubuntu1~20.04 [9,284 B]
Get:16 http://us.archive.ubuntu.com/ubuntu focal-updates/main amd64 libasan5 amd64 9.3.0-17ubuntu1~20.04 [394 kB]
Get:17 http://us.archive.ubuntu.com/ubuntu focal-updates/main amd64 liblsan0 amd64 10.3.0-1ubuntu1~20.04 [835 kB]
Get:18 http://us.archive.ubuntu.com/ubuntu focal-updates/main amd64 libtsan0 amd64 10.3.0-1ubuntu1~20.04 [2,009 kB]
Get:19 http://us.archive.ubuntu.com/ubuntu focal-updates/main amd64 libubsan1 amd64 10.3.0-1ubuntu1~20.04 [784 kB]
Get:20 http://us.archive.ubuntu.com/ubuntu focal-updates/main amd64 libquadmath0 amd64 10.3.0-1ubuntu1~20.04 [146 kB]
Get:21 http://us.archive.ubuntu.com/ubuntu focal-updates/main amd64 libgcc-9-dev amd64 9.3.0-17ubuntu1~20.04 [2,360 kB]
Get:22 http://us.archive.ubuntu.com/ubuntu focal-updates/main amd64 gcc-9 amd64 9.3.0-17ubuntu1~20.04 [8,241 kB]
Get:23 http://us.archive.ubuntu.com/ubuntu focal/main amd64 gcc amd64 4:9.3.0-1ubuntu2 [5,208 B]
Get:24 http://us.archive.ubuntu.com/ubuntu focal/main amd64 libdpkg-perl all 1.19.7ubuntu3 [230 kB]
Get:25 http://us.archive.ubuntu.com/ubuntu focal/main amd64 make amd64 4.2.1-1.2 [162 kB]
Get:26 http://us.archive.ubuntu.com/ubuntu focal/main amd64 dpkg-dev all 1.19.7ubuntu3 [679 kB]
Get:27 http://us.archive.ubuntu.com/ubuntu focal-updates/main amd64 libc-dev-bin amd64 2.31-0ubuntu9.2 [71.8 kB]
Get:28 http://us.archive.ubuntu.com/ubuntu focal-updates/main amd64 linux-libc-dev amd64 5.4.0-91.102 [1,127 kB]
Get:29 http://us.archive.ubuntu.com/ubuntu focal/main amd64 libcrypt-dev amd64 1:4.4.10-10ubuntu4 [104 kB]
Get:30 http://us.archive.ubuntu.com/ubuntu focal-updates/main amd64 libc6-dev amd64 2.31-0ubuntu9.2 [2,520 kB]
Get:31 http://us.archive.ubuntu.com/ubuntu focal-updates/main amd64 libstdc++-9-dev amd64 9.3.0-17ubuntu1~20.04 [1,714 kB]
Get:32 http://us.archive.ubuntu.com/ubuntu focal-updates/main amd64 g++-9 amd64 9.3.0-17ubuntu1~20.04 [8,405 kB]
Get:33 http://us.archive.ubuntu.com/ubuntu focal/main amd64 g++ amd64 4:9.3.0-1ubuntu2 [1,604 B]
Get:34 http://us.archive.ubuntu.com/ubuntu focal-updates/main amd64 build-essential amd64 12.8ubuntu1.1 [4,664 B]
Get:35 http://us.archive.ubuntu.com/ubuntu focal/main amd64 dctrl-tools amd64 2.24-3 [61.5 kB]
Get:36 http://us.archive.ubuntu.com/ubuntu focal-updates/main amd64 dkms all 2.8.1-5ubuntu2 [66.8 kB]
Get:37 http://us.archive.ubuntu.com/ubuntu focal/main amd64 libfakeroot amd64 1.24-1 [25.7 kB]
Get:38 http://us.archive.ubuntu.com/ubuntu focal/main amd64 fakeroot amd64 1.24-1 [62.6 kB]
Get:39 http://us.archive.ubuntu.com/ubuntu focal/main amd64 libalgorithm-diff-perl all 1.19.03-2 [46.6 kB]
Get:40 http://us.archive.ubuntu.com/ubuntu focal/main amd64 libalgorithm-diff-xs-perl amd64 0.04-6 [11.3 kB]
Get:41 http://us.archive.ubuntu.com/ubuntu focal/main amd64 libalgorithm-merge-perl all 0.08-3 [12.0 kB]
Get:42 http://us.archive.ubuntu.com/ubuntu focal/main amd64 libfile-fcntllock-perl amd64 0.22-3build4 [33.1 kB]
Get:43 http://us.archive.ubuntu.com/ubuntu focal/main amd64 manpages-dev all 5.05-1 [2,266 kB]
Fetched 42.8 MB in 1min 39s (434 kB/s)
Selecting previously unselected package gcc-9-base:amd64.
(Reading database ... 111186 files and directories currently installed.)
Preparing to unpack .../00-gcc-9-base_9.3.0-17ubuntu1~20.04_amd64.deb ...
Unpacking gcc-9-base:amd64 (9.3.0-17ubuntu1~20.04) ...
Selecting previously unselected package libisl22:amd64.
Preparing to unpack .../01-libisl22_0.22.1-1_amd64.deb ...
Unpacking libisl22:amd64 (0.22.1-1) ...
Selecting previously unselected package libmpc3:amd64.
Preparing to unpack .../02-libmpc3_1.1.0-1_amd64.deb ...
Unpacking libmpc3:amd64 (1.1.0-1) ...
Selecting previously unselected package cpp-9.
Preparing to unpack .../03-cpp-9_9.3.0-17ubuntu1~20.04_amd64.deb ...
Unpacking cpp-9 (9.3.0-17ubuntu1~20.04) ...
Selecting previously unselected package cpp.
Preparing to unpack .../04-cpp_4%3a9.3.0-1ubuntu2_amd64.deb ...
Unpacking cpp (4:9.3.0-1ubuntu2) ...
Selecting previously unselected package libcc1-0:amd64.
Preparing to unpack .../05-libcc1-0_10.3.0-1ubuntu1~20.04_amd64.deb ...
Unpacking libcc1-0:amd64 (10.3.0-1ubuntu1~20.04) ...
Selecting previously unselected package binutils-common:amd64.
Preparing to unpack .../06-binutils-common_2.34-6ubuntu1.3_amd64.deb ...
Unpacking binutils-common:amd64 (2.34-6ubuntu1.3) ...
Selecting previously unselected package libbinutils:amd64.
Preparing to unpack .../07-libbinutils_2.34-6ubuntu1.3_amd64.deb ...
Unpacking libbinutils:amd64 (2.34-6ubuntu1.3) ...
Selecting previously unselected package libctf-nobfd0:amd64.
Preparing to unpack .../08-libctf-nobfd0_2.34-6ubuntu1.3_amd64.deb ...
Unpacking libctf-nobfd0:amd64 (2.34-6ubuntu1.3) ...
Selecting previously unselected package libctf0:amd64.
Preparing to unpack .../09-libctf0_2.34-6ubuntu1.3_amd64.deb ...
Unpacking libctf0:amd64 (2.34-6ubuntu1.3) ...
Selecting previously unselected package binutils-x86-64-linux-gnu.
Preparing to unpack .../10-binutils-x86-64-linux-gnu_2.34-6ubuntu1.3_amd64.deb ...
Unpacking binutils-x86-64-linux-gnu (2.34-6ubuntu1.3) ...
Selecting previously unselected package binutils.
Preparing to unpack .../11-binutils_2.34-6ubuntu1.3_amd64.deb ...
Unpacking binutils (2.34-6ubuntu1.3) ...
Selecting previously unselected package libgomp1:amd64.
Preparing to unpack .../12-libgomp1_10.3.0-1ubuntu1~20.04_amd64.deb ...
Unpacking libgomp1:amd64 (10.3.0-1ubuntu1~20.04) ...
Selecting previously unselected package libitm1:amd64.
Preparing to unpack .../13-libitm1_10.3.0-1ubuntu1~20.04_amd64.deb ...
Unpacking libitm1:amd64 (10.3.0-1ubuntu1~20.04) ...
Selecting previously unselected package libatomic1:amd64.
Preparing to unpack .../14-libatomic1_10.3.0-1ubuntu1~20.04_amd64.deb ...
Unpacking libatomic1:amd64 (10.3.0-1ubuntu1~20.04) ...
Selecting previously unselected package libasan5:amd64.
Preparing to unpack .../15-libasan5_9.3.0-17ubuntu1~20.04_amd64.deb ...
Unpacking libasan5:amd64 (9.3.0-17ubuntu1~20.04) ...
Selecting previously unselected package liblsan0:amd64.
Preparing to unpack .../16-liblsan0_10.3.0-1ubuntu1~20.04_amd64.deb ...
Unpacking liblsan0:amd64 (10.3.0-1ubuntu1~20.04) ...
Selecting previously unselected package libtsan0:amd64.
Preparing to unpack .../17-libtsan0_10.3.0-1ubuntu1~20.04_amd64.deb ...
Unpacking libtsan0:amd64 (10.3.0-1ubuntu1~20.04) ...
Selecting previously unselected package libubsan1:amd64.
Preparing to unpack .../18-libubsan1_10.3.0-1ubuntu1~20.04_amd64.deb ...
Unpacking libubsan1:amd64 (10.3.0-1ubuntu1~20.04) ...
Selecting previously unselected package libquadmath0:amd64.
Preparing to unpack .../19-libquadmath0_10.3.0-1ubuntu1~20.04_amd64.deb ...
Unpacking libquadmath0:amd64 (10.3.0-1ubuntu1~20.04) ...
Selecting previously unselected package libgcc-9-dev:amd64.
Preparing to unpack .../20-libgcc-9-dev_9.3.0-17ubuntu1~20.04_amd64.deb ...
Unpacking libgcc-9-dev:amd64 (9.3.0-17ubuntu1~20.04) ...
Selecting previously unselected package gcc-9.
Preparing to unpack .../21-gcc-9_9.3.0-17ubuntu1~20.04_amd64.deb ...
Unpacking gcc-9 (9.3.0-17ubuntu1~20.04) ...
Selecting previously unselected package gcc.
Preparing to unpack .../22-gcc_4%3a9.3.0-1ubuntu2_amd64.deb ...
Unpacking gcc (4:9.3.0-1ubuntu2) ...
Selecting previously unselected package libdpkg-perl.
Preparing to unpack .../23-libdpkg-perl_1.19.7ubuntu3_all.deb ...
Unpacking libdpkg-perl (1.19.7ubuntu3) ...
Selecting previously unselected package make.
Preparing to unpack .../24-make_4.2.1-1.2_amd64.deb ...
Unpacking make (4.2.1-1.2) ...
Selecting previously unselected package dpkg-dev.
Preparing to unpack .../25-dpkg-dev_1.19.7ubuntu3_all.deb ...
Unpacking dpkg-dev (1.19.7ubuntu3) ...
Selecting previously unselected package libc-dev-bin.
Preparing to unpack .../26-libc-dev-bin_2.31-0ubuntu9.2_amd64.deb ...
Unpacking libc-dev-bin (2.31-0ubuntu9.2) ...
Selecting previously unselected package linux-libc-dev:amd64.
Preparing to unpack .../27-linux-libc-dev_5.4.0-91.102_amd64.deb ...
Unpacking linux-libc-dev:amd64 (5.4.0-91.102) ...
Selecting previously unselected package libcrypt-dev:amd64.
Preparing to unpack .../28-libcrypt-dev_1%3a4.4.10-10ubuntu4_amd64.deb ...
Unpacking libcrypt-dev:amd64 (1:4.4.10-10ubuntu4) ...
Selecting previously unselected package libc6-dev:amd64.
Preparing to unpack .../29-libc6-dev_2.31-0ubuntu9.2_amd64.deb ...
Unpacking libc6-dev:amd64 (2.31-0ubuntu9.2) ...
Selecting previously unselected package libstdc++-9-dev:amd64.
Preparing to unpack .../30-libstdc++-9-dev_9.3.0-17ubuntu1~20.04_amd64.deb ...
Unpacking libstdc++-9-dev:amd64 (9.3.0-17ubuntu1~20.04) ...
Selecting previously unselected package g++-9.
Preparing to unpack .../31-g++-9_9.3.0-17ubuntu1~20.04_amd64.deb ...
Unpacking g++-9 (9.3.0-17ubuntu1~20.04) ...
Selecting previously unselected package g++.
Preparing to unpack .../32-g++_4%3a9.3.0-1ubuntu2_amd64.deb ...
Unpacking g++ (4:9.3.0-1ubuntu2) ...
Selecting previously unselected package build-essential.
Preparing to unpack .../33-build-essential_12.8ubuntu1.1_amd64.deb ...
Unpacking build-essential (12.8ubuntu1.1) ...
Selecting previously unselected package dctrl-tools.
Preparing to unpack .../34-dctrl-tools_2.24-3_amd64.deb ...
Unpacking dctrl-tools (2.24-3) ...
Selecting previously unselected package dkms.
Preparing to unpack .../35-dkms_2.8.1-5ubuntu2_all.deb ...
Unpacking dkms (2.8.1-5ubuntu2) ...
Selecting previously unselected package libfakeroot:amd64.
Preparing to unpack .../36-libfakeroot_1.24-1_amd64.deb ...
Unpacking libfakeroot:amd64 (1.24-1) ...
Selecting previously unselected package fakeroot.
Preparing to unpack .../37-fakeroot_1.24-1_amd64.deb ...
Unpacking fakeroot (1.24-1) ...
Selecting previously unselected package libalgorithm-diff-perl.
Preparing to unpack .../38-libalgorithm-diff-perl_1.19.03-2_all.deb ...
Unpacking libalgorithm-diff-perl (1.19.03-2) ...
Selecting previously unselected package libalgorithm-diff-xs-perl.
Preparing to unpack .../39-libalgorithm-diff-xs-perl_0.04-6_amd64.deb ...
Unpacking libalgorithm-diff-xs-perl (0.04-6) ...
Selecting previously unselected package libalgorithm-merge-perl.
Preparing to unpack .../40-libalgorithm-merge-perl_0.08-3_all.deb ...
Unpacking libalgorithm-merge-perl (0.08-3) ...
Selecting previously unselected package libfile-fcntllock-perl.
Preparing to unpack .../41-libfile-fcntllock-perl_0.22-3build4_amd64.deb ...
Unpacking libfile-fcntllock-perl (0.22-3build4) ...
Selecting previously unselected package manpages-dev.
Preparing to unpack .../42-manpages-dev_5.05-1_all.deb ...
Unpacking manpages-dev (5.05-1) ...
Setting up manpages-dev (5.05-1) ...
Setting up libfile-fcntllock-perl (0.22-3build4) ...
Setting up libalgorithm-diff-perl (1.19.03-2) ...
Setting up binutils-common:amd64 (2.34-6ubuntu1.3) ...
Setting up linux-libc-dev:amd64 (5.4.0-91.102) ...
Setting up libctf-nobfd0:amd64 (2.34-6ubuntu1.3) ...
Setting up libgomp1:amd64 (10.3.0-1ubuntu1~20.04) ...
Setting up libfakeroot:amd64 (1.24-1) ...
Setting up fakeroot (1.24-1) ...
update-alternatives: using /usr/bin/fakeroot-sysv to provide /usr/bin/fakeroot (fakeroot) in auto mode
Setting up make (4.2.1-1.2) ...
Setting up libquadmath0:amd64 (10.3.0-1ubuntu1~20.04) ...
Setting up libmpc3:amd64 (1.1.0-1) ...
Setting up libatomic1:amd64 (10.3.0-1ubuntu1~20.04) ...
Setting up libdpkg-perl (1.19.7ubuntu3) ...
Setting up libubsan1:amd64 (10.3.0-1ubuntu1~20.04) ...
Setting up libcrypt-dev:amd64 (1:4.4.10-10ubuntu4) ...
Setting up libisl22:amd64 (0.22.1-1) ...
Setting up libbinutils:amd64 (2.34-6ubuntu1.3) ...
Setting up libc-dev-bin (2.31-0ubuntu9.2) ...
Setting up libalgorithm-diff-xs-perl (0.04-6) ...
Setting up libcc1-0:amd64 (10.3.0-1ubuntu1~20.04) ...
Setting up liblsan0:amd64 (10.3.0-1ubuntu1~20.04) ...
Setting up dctrl-tools (2.24-3) ...
Setting up libitm1:amd64 (10.3.0-1ubuntu1~20.04) ...
Setting up gcc-9-base:amd64 (9.3.0-17ubuntu1~20.04) ...
Setting up libalgorithm-merge-perl (0.08-3) ...
Setting up libtsan0:amd64 (10.3.0-1ubuntu1~20.04) ...
Setting up libctf0:amd64 (2.34-6ubuntu1.3) ...
Setting up libasan5:amd64 (9.3.0-17ubuntu1~20.04) ...
Setting up cpp-9 (9.3.0-17ubuntu1~20.04) ...
Setting up libc6-dev:amd64 (2.31-0ubuntu9.2) ...
Setting up binutils-x86-64-linux-gnu (2.34-6ubuntu1.3) ...
Setting up binutils (2.34-6ubuntu1.3) ...
Setting up dpkg-dev (1.19.7ubuntu3) ...
Setting up libgcc-9-dev:amd64 (9.3.0-17ubuntu1~20.04) ...
Setting up cpp (4:9.3.0-1ubuntu2) ...
Setting up gcc-9 (9.3.0-17ubuntu1~20.04) ...
Setting up libstdc++-9-dev:amd64 (9.3.0-17ubuntu1~20.04) ...
Setting up gcc (4:9.3.0-1ubuntu2) ...
Setting up dkms (2.8.1-5ubuntu2) ...
Setting up g++-9 (9.3.0-17ubuntu1~20.04) ...
Setting up g++ (4:9.3.0-1ubuntu2) ...
update-alternatives: using /usr/bin/g++ to provide /usr/bin/c++ (c++) in auto mode
Setting up build-essential (12.8ubuntu1.1) ...
Processing triggers for man-db (2.9.1-1) ...
Processing triggers for libc-bin (2.31-0ubuntu9.2) ...
Copy iso file /usr/share/virtualbox/VBoxGuestAdditions.iso into the box /tmp/VBoxGuestAdditions.iso
Mounting Virtualbox Guest Additions ISO to: /mnt
mount: /mnt: WARNING: device write-protected, mounted read-only.
Installing Virtualbox Guest Additions 6.1.30 - guest version is 6.1.26
Verifying archive integrity... All good.
Uncompressing VirtualBox 6.1.30 Guest Additions for Linux........
VirtualBox Guest Additions installer
Copying additional installer modules ...
Installing additional modules ...
VirtualBox Guest Additions: Starting.
VirtualBox Guest Additions: Building the VirtualBox Guest Additions kernel
modules.  This may take a while.
VirtualBox Guest Additions: To build modules for other installed kernels, run
VirtualBox Guest Additions:   /sbin/rcvboxadd quicksetup <version>
VirtualBox Guest Additions: or
VirtualBox Guest Additions:   /sbin/rcvboxadd quicksetup all
VirtualBox Guest Additions: Building the modules for kernel 5.4.0-91-generic.
update-initramfs: Generating /boot/initrd.img-5.4.0-91-generic
Unmounting Virtualbox Guest Additions ISO from: /mnt
==> kworker2: Checking for guest additions in VM...
==> kworker2: Setting hostname...
==> kworker2: Configuring and enabling network interfaces...
==> kworker2: Running provisioner: shell...
    kworker2: Running: /tmp/vagrant-shell20220102-87504-s7yhxj.sh
    kworker2: ********Preparaing the operating system********
    kworker2: [TASK 1] Disable and turn off SWAP
    kworker2: [TASK 2] Stop and Disable firewall
    kworker2: [TASK 3] Enable and Load Kernel modules
    kworker2: [TASK 4] Add Kernel settings
    kworker2: [TASK 5] Install containerd runtime
    kworker2: [TASK 6] Add apt repo for kubernetes
    kworker2: [TASK 7] Install Kubernetes components (kubeadm, kubelet and kubectl)
    kworker2: kubelet set on hold.
    kworker2: kubeadm set on hold.
    kworker2: kubectl set on hold.
    kworker2: [TASK 8] Enable ssh password authentication
    kworker2: [TASK 9] Set root password
    kworker2: [TASK 10] Update /etc/hosts file
==> kworker2: Configuring proxy for Git...
==> kworker2: Running provisioner: shell...
    kworker2: Running: /tmp/vagrant-shell20220102-87504-jamknq.sh
    kworker2: [TASK 1] Join node to Kubernetes Cluster
==> kworker2: Configuring proxy for Git...
jwang@cn-fbyv7y2:/mnt/sda3/vagrant/my-kubernetes/vagrant-provisioning (my)
$
