Selecting previously unselected package dctrl-tools.
Preparing to unpack .../33-dctrl-tools_2.24-3build2_amd64.deb ...
Unpacking dctrl-tools (2.24-3build2) ...
Selecting previously unselected package dkms.
Preparing to unpack .../34-dkms_2.8.7-2ubuntu2_all.deb ...
Unpacking dkms (2.8.7-2ubuntu2) ...
Selecting previously unselected package libfakeroot:amd64.
Preparing to unpack .../35-libfakeroot_1.28-1ubuntu1_amd64.deb ...
Unpacking libfakeroot:amd64 (1.28-1ubuntu1) ...
Selecting previously unselected package fakeroot.
Preparing to unpack .../36-fakeroot_1.28-1ubuntu1_amd64.deb ...
Unpacking fakeroot (1.28-1ubuntu1) ...
Selecting previously unselected package fonts-dejavu-core.
Preparing to unpack .../37-fonts-dejavu-core_2.37-2build1_all.deb ...
Unpacking fonts-dejavu-core (2.37-2build1) ...
Selecting previously unselected package fontconfig-config.
Preparing to unpack .../38-fontconfig-config_2.13.1-4.2ubuntu5_all.deb ...
Unpacking fontconfig-config (2.13.1-4.2ubuntu5) ...
Selecting previously unselected package libalgorithm-diff-perl.
Preparing to unpack .../39-libalgorithm-diff-perl_1.201-1_all.deb ...
Unpacking libalgorithm-diff-perl (1.201-1) ...
Selecting previously unselected package libalgorithm-diff-xs-perl.
Preparing to unpack .../40-libalgorithm-diff-xs-perl_0.04-6build3_amd64.deb ...
Unpacking libalgorithm-diff-xs-perl (0.04-6build3) ...
Selecting previously unselected package libalgorithm-merge-perl.
Preparing to unpack .../41-libalgorithm-merge-perl_0.08-3_all.deb ...
Unpacking libalgorithm-merge-perl (0.08-3) ...
Selecting previously unselected package libfontconfig1:amd64.
Preparing to unpack .../42-libfontconfig1_2.13.1-4.2ubuntu5_amd64.deb ...
Unpacking libfontconfig1:amd64 (2.13.1-4.2ubuntu5) ...
Selecting previously unselected package libjpeg-turbo8:amd64.
Preparing to unpack .../43-libjpeg-turbo8_2.1.2-0ubuntu1_amd64.deb ...
Unpacking libjpeg-turbo8:amd64 (2.1.2-0ubuntu1) ...
Selecting previously unselected package libjpeg8:amd64.
Preparing to unpack .../44-libjpeg8_8c-2ubuntu10_amd64.deb ...
Unpacking libjpeg8:amd64 (8c-2ubuntu10) ...
Selecting previously unselected package libdeflate0:amd64.
Preparing to unpack .../45-libdeflate0_1.10-2_amd64.deb ...
Unpacking libdeflate0:amd64 (1.10-2) ...
Selecting previously unselected package libjbig0:amd64.
Preparing to unpack .../46-libjbig0_2.1-3.1build3_amd64.deb ...
Unpacking libjbig0:amd64 (2.1-3.1build3) ...
Selecting previously unselected package libwebp7:amd64.
Preparing to unpack .../47-libwebp7_1.2.2-2_amd64.deb ...
Unpacking libwebp7:amd64 (1.2.2-2) ...
Selecting previously unselected package libtiff5:amd64.
Preparing to unpack .../48-libtiff5_4.3.0-6_amd64.deb ...
Unpacking libtiff5:amd64 (4.3.0-6) ...
Selecting previously unselected package libxpm4:amd64.
Preparing to unpack .../49-libxpm4_1%3a3.5.12-1build2_amd64.deb ...
Unpacking libxpm4:amd64 (1:3.5.12-1build2) ...
Selecting previously unselected package libgd3:amd64.
Preparing to unpack .../50-libgd3_2.3.0-2ubuntu2_amd64.deb ...
Unpacking libgd3:amd64 (2.3.0-2ubuntu2) ...
Selecting previously unselected package libc-devtools.
Preparing to unpack .../51-libc-devtools_2.35-0ubuntu3_amd64.deb ...
Unpacking libc-devtools (2.35-0ubuntu3) ...
Selecting previously unselected package libfile-fcntllock-perl.
Preparing to unpack .../52-libfile-fcntllock-perl_0.22-3build7_amd64.deb ...
Unpacking libfile-fcntllock-perl (0.22-3build7) ...
Selecting previously unselected package manpages-dev.
Preparing to unpack .../53-manpages-dev_5.10-1ubuntu1_all.deb ...
Unpacking manpages-dev (5.10-1ubuntu1) ...
Setting up gcc-11-base:amd64 (11.2.0-19ubuntu1) ...
Setting up manpages-dev (5.10-1ubuntu1) ...
Setting up lto-disabled-list (24) ...
Setting up libxpm4:amd64 (1:3.5.12-1build2) ...
Setting up libfile-fcntllock-perl (0.22-3build7) ...
Setting up libalgorithm-diff-perl (1.201-1) ...
Setting up libdeflate0:amd64 (1.10-2) ...
Setting up linux-libc-dev:amd64 (5.15.0-41.44) ...
Setting up libgomp1:amd64 (12-20220319-1ubuntu1) ...
Setting up bzip2 (1.0.8-5build1) ...
Setting up libjbig0:amd64 (2.1-3.1build3) ...
Setting up libfakeroot:amd64 (1.28-1ubuntu1) ...
Setting up libasan6:amd64 (11.2.0-19ubuntu1) ...
Setting up fakeroot (1.28-1ubuntu1) ...
update-alternatives: using /usr/bin/fakeroot-sysv to provide /usr/bin/fakeroot (fakeroot) in auto mode
Setting up libtirpc-dev:amd64 (1.3.2-2build1) ...
Setting up rpcsvc-proto (1.4.2-0ubuntu6) ...
Setting up make (4.3-4.1build1) ...
Setting up libquadmath0:amd64 (12-20220319-1ubuntu1) ...
Setting up libmpc3:amd64 (1.2.1-2build1) ...
Setting up libatomic1:amd64 (12-20220319-1ubuntu1) ...
Setting up fonts-dejavu-core (2.37-2build1) ...
Setting up libjpeg-turbo8:amd64 (2.1.2-0ubuntu1) ...
Setting up libdpkg-perl (1.21.1ubuntu2.1) ...
Setting up libwebp7:amd64 (1.2.2-2) ...
Setting up libubsan1:amd64 (12-20220319-1ubuntu1) ...
Setting up libnsl-dev:amd64 (1.3.0-2build2) ...
Setting up libcrypt-dev:amd64 (1:4.4.27-1) ...
Setting up libisl23:amd64 (0.24-2build1) ...
Setting up libc-dev-bin (2.35-0ubuntu3) ...
Setting up libalgorithm-diff-xs-perl (0.04-6build3) ...
Setting up libcc1-0:amd64 (12-20220319-1ubuntu1) ...
Setting up liblsan0:amd64 (12-20220319-1ubuntu1) ...
Setting up dctrl-tools (2.24-3build2) ...
Setting up libitm1:amd64 (12-20220319-1ubuntu1) ...
Setting up libalgorithm-merge-perl (0.08-3) ...
Setting up libtsan0:amd64 (11.2.0-19ubuntu1) ...
Setting up libjpeg8:amd64 (8c-2ubuntu10) ...
Setting up cpp-11 (11.2.0-19ubuntu1) ...
Setting up fontconfig-config (2.13.1-4.2ubuntu5) ...
Setting up dpkg-dev (1.21.1ubuntu2.1) ...
Setting up libgcc-11-dev:amd64 (11.2.0-19ubuntu1) ...
Setting up gcc-11 (11.2.0-19ubuntu1) ...
Setting up cpp (4:11.2.0-1ubuntu1) ...
Setting up libc6-dev:amd64 (2.35-0ubuntu3) ...
Setting up libtiff5:amd64 (4.3.0-6) ...
Setting up libfontconfig1:amd64 (2.13.1-4.2ubuntu5) ...
Setting up gcc (4:11.2.0-1ubuntu1) ...
Setting up dkms (2.8.7-2ubuntu2) ...
Setting up libgd3:amd64 (2.3.0-2ubuntu2) ...
Setting up libstdc++-11-dev:amd64 (11.2.0-19ubuntu1) ...
Setting up libc-devtools (2.35-0ubuntu3) ...
Setting up g++-11 (11.2.0-19ubuntu1) ...
Setting up g++ (4:11.2.0-1ubuntu1) ...
update-alternatives: using /usr/bin/g++ to provide /usr/bin/c++ (c++) in auto mode
Setting up build-essential (12.9ubuntu3) ...
Processing triggers for man-db (2.10.2-1) ...
Processing triggers for libc-bin (2.35-0ubuntu3) ...
NEEDRESTART-VER: 3.5
NEEDRESTART-KCUR: 5.15.0-41-generic
NEEDRESTART-KEXP: 5.15.0-41-generic
NEEDRESTART-KSTA: 1
Copy iso file /usr/share/virtualbox/VBoxGuestAdditions.iso into the box /tmp/VBoxGuestAdditions.iso
Mounting Virtualbox Guest Additions ISO to: /mnt
mount: /mnt: WARNING: source write-protected, mounted read-only.
Installing Virtualbox Guest Additions 6.1.34 - guest version is 6.0.0
Verifying archive integrity... All good.
Uncompressing VirtualBox 6.1.34 Guest Additions for Linux........
VirtualBox Guest Additions installer
Copying additional installer modules ...
Installing additional modules ...
VirtualBox Guest Additions: Starting.
VirtualBox Guest Additions: Building the VirtualBox Guest Additions kernel 
modules.  This may take a while.
VirtualBox Guest Additions: To build modules for other installed kernels, run
VirtualBox Guest Additions:   /sbin/rcvboxadd quicksetup <version>
VirtualBox Guest Additions: or
VirtualBox Guest Additions:   /sbin/rcvboxadd quicksetup all
VirtualBox Guest Additions: Building the modules for kernel 5.15.0-41-generic.
update-initramfs: Generating /boot/initrd.img-5.15.0-41-generic
VirtualBox Guest Additions: Running kernel modules will not be replaced until 
the system is restarted
An error occurred during installation of VirtualBox Guest Additions 6.1.34. Some functionality may not work as intended.
In most cases it is OK that the "Window System drivers" installation failed.
Unmounting Virtualbox Guest Additions ISO from: /mnt
Got different reports about installed GuestAdditions version:
Virtualbox on your host claims:   6.0.0
VBoxService inside the vm claims: 6.1.34
Going on, assuming VBoxService is correct...
Got different reports about installed GuestAdditions version:
Virtualbox on your host claims:   6.0.0
VBoxService inside the vm claims: 6.1.34
Going on, assuming VBoxService is correct...
Got different reports about installed GuestAdditions version:
Virtualbox on your host claims:   6.0.0
VBoxService inside the vm claims: 6.1.34
Going on, assuming VBoxService is correct...
Restarting VM to apply changes...
==> kmaster: Attempting graceful shutdown of VM...
==> kmaster: Booting VM...
==> kmaster: Waiting for machine to boot. This may take a few minutes...
==> kmaster: Machine booted and ready!
==> kmaster: Checking for guest additions in VM...
==> kmaster: Setting hostname...
==> kmaster: Configuring and enabling network interfaces...
==> kmaster: Mounting shared folders...
    kmaster: /vagrant => /mnt/sda3/vagrant/my-kubernetes/vagrant-provisioning
==> kmaster: Running provisioner: shell...
    kmaster: Running: /tmp/vagrant-shell20220716-201843-169m0zy.sh
    kmaster: ********Preparaing the operating system********
    kmaster: [TASK 1] Disable and turn off SWAP
    kmaster: [TASK 2] Stop and Disable firewall
    kmaster: [TASK 3] Enable and Load Kernel modules
    kmaster: [TASK 4] Add Kernel settings
    kmaster: [TASK 5] Install containerd runtime
    kmaster: [TASK 6] Add apt repo for kubernetes
    kmaster: [TASK 7] Install Kubernetes components (kubeadm, kubelet and kubectl)
    kmaster: kubelet set on hold.
    kmaster: kubeadm set on hold.
    kmaster: kubectl set on hold.
    kmaster: [TASK 8] Enable ssh password authentication
    kmaster: [TASK 9] Set root password
    kmaster: [TASK 10] Update /etc/hosts file
==> kmaster: Configuring proxy for Git...
==> kmaster: Running provisioner: shell...
    kmaster: Running: /tmp/vagrant-shell20220716-201843-73gy3g.sh
    kmaster: [TASK 1] Pull required images
    kmaster: [TASK 2] Initialize Kubernetes Cluster
    kmaster: [TASK 3] Deploy Calico network
    kmaster: [TASK 4] Generate and save cluster join command to /joincluster.sh
==> kmaster: Configuring proxy for Git...
==> kworker1: Box 'ubuntu/jammy64' could not be found. Attempting to find and install...
    kworker1: Box Provider: virtualbox
    kworker1: Box Version: 20220712.0.0
==> kworker1: Loading metadata for box 'ubuntu/jammy64'
    kworker1: URL: https://vagrantcloud.com/ubuntu/jammy64
==> kworker1: Adding box 'ubuntu/jammy64' (v20220712.0.0) for provider: virtualbox
==> kworker1: Importing base box 'ubuntu/jammy64'...
==> kworker1: Matching MAC address for NAT networking...
==> kworker1: Setting the name of the VM: kworker1
==> kworker1: Fixed port collision for 22 => 2222. Now on port 2200.
==> kworker1: Clearing any previously set network interfaces...
==> kworker1: Preparing network interfaces based on configuration...
    kworker1: Adapter 1: nat
    kworker1: Adapter 2: hostonly
==> kworker1: Forwarding ports...
    kworker1: 22 (guest) => 2200 (host) (adapter 1)
==> kworker1: Running 'pre-boot' VM customizations...
==> kworker1: Booting VM...
==> kworker1: Waiting for machine to boot. This may take a few minutes...
    kworker1: SSH address: 127.0.0.1:2200
    kworker1: SSH username: vagrant
    kworker1: SSH auth method: private key
    kworker1: 
    kworker1: Vagrant insecure key detected. Vagrant will automatically replace
    kworker1: this with a newly generated keypair for better security.
    kworker1: 
    kworker1: Inserting generated public key within guest...
    kworker1: Removing insecure key from the guest if it's present...
    kworker1: Key inserted! Disconnecting and reconnecting using new SSH key...
==> kworker1: Machine booted and ready!
==> kworker1: Configuring proxy for Apt...
==> kworker1: Configuring proxy environment variables...
==> kworker1: Configuring proxy for Git...
[kworker1] A Virtualbox Guest Additions installation was found but no tools to rebuild or start them.
Reading package lists...
Building dependency tree...
Reading state information...
linux-headers-5.15.0-41-generic is already the newest version (5.15.0-41.44).
linux-headers-5.15.0-41-generic set to manually installed.
The following additional packages will be installed:
  build-essential bzip2 cpp cpp-11 dctrl-tools dpkg-dev fakeroot
  fontconfig-config fonts-dejavu-core g++ g++-11 gcc gcc-11 gcc-11-base
  libalgorithm-diff-perl libalgorithm-diff-xs-perl libalgorithm-merge-perl
  libasan6 libatomic1 libc-dev-bin libc-devtools libc6-dev libcc1-0
  libcrypt-dev libdeflate0 libdpkg-perl libfakeroot libfile-fcntllock-perl
  libfontconfig1 libgcc-11-dev libgd3 libgomp1 libisl23 libitm1 libjbig0
  libjpeg-turbo8 libjpeg8 liblsan0 libmpc3 libnsl-dev libquadmath0
  libstdc++-11-dev libtiff5 libtirpc-dev libtsan0 libubsan1 libwebp7 libxpm4
  linux-libc-dev lto-disabled-list make manpages-dev rpcsvc-proto
Suggested packages:
  bzip2-doc cpp-doc gcc-11-locales debtags menu debian-keyring g++-multilib
  g++-11-multilib gcc-11-doc gcc-multilib autoconf automake libtool flex bison
  gdb gcc-doc gcc-11-multilib glibc-doc bzr libgd-tools libstdc++-11-doc
  make-doc
The following NEW packages will be installed:
  build-essential bzip2 cpp cpp-11 dctrl-tools dkms dpkg-dev fakeroot
  fontconfig-config fonts-dejavu-core g++ g++-11 gcc gcc-11 gcc-11-base
  libalgorithm-diff-perl libalgorithm-diff-xs-perl libalgorithm-merge-perl
  libasan6 libatomic1 libc-dev-bin libc-devtools libc6-dev libcc1-0
  libcrypt-dev libdeflate0 libdpkg-perl libfakeroot libfile-fcntllock-perl
  libfontconfig1 libgcc-11-dev libgd3 libgomp1 libisl23 libitm1 libjbig0
  libjpeg-turbo8 libjpeg8 liblsan0 libmpc3 libnsl-dev libquadmath0
  libstdc++-11-dev libtiff5 libtirpc-dev libtsan0 libubsan1 libwebp7 libxpm4
  linux-libc-dev lto-disabled-list make manpages-dev rpcsvc-proto
0 upgraded, 54 newly installed, 0 to remove and 0 not upgraded.
Need to get 63.7 MB of archives.
After this operation, 207 MB of additional disk space will be used.
Get:1 http://archive.ubuntu.com/ubuntu jammy/main amd64 gcc-11-base amd64 11.2.0-19ubuntu1 [20.8 kB]
Get:2 http://archive.ubuntu.com/ubuntu jammy/main amd64 libisl23 amd64 0.24-2build1 [727 kB]
Get:3 http://archive.ubuntu.com/ubuntu jammy/main amd64 libmpc3 amd64 1.2.1-2build1 [46.9 kB]
Get:4 http://archive.ubuntu.com/ubuntu jammy/main amd64 cpp-11 amd64 11.2.0-19ubuntu1 [9966 kB]
Get:5 http://archive.ubuntu.com/ubuntu jammy/main amd64 cpp amd64 4:11.2.0-1ubuntu1 [27.7 kB]
Get:6 http://archive.ubuntu.com/ubuntu jammy/main amd64 libcc1-0 amd64 12-20220319-1ubuntu1 [47.2 kB]
Get:7 http://archive.ubuntu.com/ubuntu jammy/main amd64 libgomp1 amd64 12-20220319-1ubuntu1 [126 kB]
Get:8 http://archive.ubuntu.com/ubuntu jammy/main amd64 libitm1 amd64 12-20220319-1ubuntu1 [30.2 kB]
Get:9 http://archive.ubuntu.com/ubuntu jammy/main amd64 libatomic1 amd64 12-20220319-1ubuntu1 [10.4 kB]
Get:10 http://archive.ubuntu.com/ubuntu jammy/main amd64 libasan6 amd64 11.2.0-19ubuntu1 [2283 kB]
Get:11 http://archive.ubuntu.com/ubuntu jammy/main amd64 liblsan0 amd64 12-20220319-1ubuntu1 [1069 kB]
Get:12 http://archive.ubuntu.com/ubuntu jammy/main amd64 libtsan0 amd64 11.2.0-19ubuntu1 [2261 kB]
Get:13 http://archive.ubuntu.com/ubuntu jammy/main amd64 libubsan1 amd64 12-20220319-1ubuntu1 [976 kB]
Get:14 http://archive.ubuntu.com/ubuntu jammy/main amd64 libquadmath0 amd64 12-20220319-1ubuntu1 [154 kB]
Get:15 http://archive.ubuntu.com/ubuntu jammy/main amd64 libgcc-11-dev amd64 11.2.0-19ubuntu1 [2526 kB]
Get:16 http://archive.ubuntu.com/ubuntu jammy/main amd64 gcc-11 amd64 11.2.0-19ubuntu1 [20.1 MB]
Get:17 http://archive.ubuntu.com/ubuntu jammy/main amd64 gcc amd64 4:11.2.0-1ubuntu1 [5112 B]
Get:18 http://archive.ubuntu.com/ubuntu jammy-updates/main amd64 libdpkg-perl all 1.21.1ubuntu2.1 [237 kB]
Get:19 http://archive.ubuntu.com/ubuntu jammy/main amd64 bzip2 amd64 1.0.8-5build1 [34.8 kB]
Get:20 http://archive.ubuntu.com/ubuntu jammy/main amd64 make amd64 4.3-4.1build1 [180 kB]
Get:21 http://archive.ubuntu.com/ubuntu jammy/main amd64 lto-disabled-list all 24 [12.5 kB]
Get:22 http://archive.ubuntu.com/ubuntu jammy-updates/main amd64 dpkg-dev all 1.21.1ubuntu2.1 [922 kB]
Get:23 http://archive.ubuntu.com/ubuntu jammy/main amd64 libc-dev-bin amd64 2.35-0ubuntu3 [20.3 kB]
Get:24 http://archive.ubuntu.com/ubuntu jammy-updates/main amd64 linux-libc-dev amd64 5.15.0-41.44 [1297 kB]
Get:25 http://archive.ubuntu.com/ubuntu jammy/main amd64 libcrypt-dev amd64 1:4.4.27-1 [112 kB]
Get:26 http://archive.ubuntu.com/ubuntu jammy/main amd64 rpcsvc-proto amd64 1.4.2-0ubuntu6 [68.5 kB]
Get:27 http://archive.ubuntu.com/ubuntu jammy/main amd64 libtirpc-dev amd64 1.3.2-2build1 [192 kB]
Get:28 http://archive.ubuntu.com/ubuntu jammy/main amd64 libnsl-dev amd64 1.3.0-2build2 [71.3 kB]
Get:29 http://archive.ubuntu.com/ubuntu jammy/main amd64 libc6-dev amd64 2.35-0ubuntu3 [2099 kB]
Get:30 http://archive.ubuntu.com/ubuntu jammy/main amd64 libstdc++-11-dev amd64 11.2.0-19ubuntu1 [2083 kB]
Get:31 http://archive.ubuntu.com/ubuntu jammy/main amd64 g++-11 amd64 11.2.0-19ubuntu1 [11.4 MB]
Get:32 http://archive.ubuntu.com/ubuntu jammy/main amd64 g++ amd64 4:11.2.0-1ubuntu1 [1412 B]
Get:33 http://archive.ubuntu.com/ubuntu jammy/main amd64 build-essential amd64 12.9ubuntu3 [4744 B]
Get:34 http://archive.ubuntu.com/ubuntu jammy/main amd64 dctrl-tools amd64 2.24-3build2 [66.9 kB]
Get:35 http://archive.ubuntu.com/ubuntu jammy/main amd64 dkms all 2.8.7-2ubuntu2 [69.6 kB]
Get:36 http://archive.ubuntu.com/ubuntu jammy/main amd64 libfakeroot amd64 1.28-1ubuntu1 [31.5 kB]
Get:37 http://archive.ubuntu.com/ubuntu jammy/main amd64 fakeroot amd64 1.28-1ubuntu1 [60.4 kB]
Get:38 http://archive.ubuntu.com/ubuntu jammy/main amd64 fonts-dejavu-core all 2.37-2build1 [1041 kB]
Get:39 http://archive.ubuntu.com/ubuntu jammy/main amd64 fontconfig-config all 2.13.1-4.2ubuntu5 [29.1 kB]
Get:40 http://archive.ubuntu.com/ubuntu jammy/main amd64 libalgorithm-diff-perl all 1.201-1 [41.8 kB]
Get:41 http://archive.ubuntu.com/ubuntu jammy/main amd64 libalgorithm-diff-xs-perl amd64 0.04-6build3 [11.9 kB]
Get:42 http://archive.ubuntu.com/ubuntu jammy/main amd64 libalgorithm-merge-perl all 0.08-3 [12.0 kB]
Get:43 http://archive.ubuntu.com/ubuntu jammy/main amd64 libfontconfig1 amd64 2.13.1-4.2ubuntu5 [131 kB]
Get:44 http://archive.ubuntu.com/ubuntu jammy/main amd64 libjpeg-turbo8 amd64 2.1.2-0ubuntu1 [134 kB]
Get:45 http://archive.ubuntu.com/ubuntu jammy/main amd64 libjpeg8 amd64 8c-2ubuntu10 [2264 B]
Get:46 http://archive.ubuntu.com/ubuntu jammy/main amd64 libdeflate0 amd64 1.10-2 [70.9 kB]
Get:47 http://archive.ubuntu.com/ubuntu jammy/main amd64 libjbig0 amd64 2.1-3.1build3 [28.9 kB]
Get:48 http://archive.ubuntu.com/ubuntu jammy/main amd64 libwebp7 amd64 1.2.2-2 [206 kB]
Get:49 http://archive.ubuntu.com/ubuntu jammy/main amd64 libtiff5 amd64 4.3.0-6 [183 kB]
Get:50 http://archive.ubuntu.com/ubuntu jammy/main amd64 libxpm4 amd64 1:3.5.12-1build2 [36.2 kB]
Get:51 http://archive.ubuntu.com/ubuntu jammy/main amd64 libgd3 amd64 2.3.0-2ubuntu2 [129 kB]
Get:52 http://archive.ubuntu.com/ubuntu jammy/main amd64 libc-devtools amd64 2.35-0ubuntu3 [28.9 kB]
Get:53 http://archive.ubuntu.com/ubuntu jammy/main amd64 libfile-fcntllock-perl amd64 0.22-3build7 [33.9 kB]
Get:54 http://archive.ubuntu.com/ubuntu jammy/main amd64 manpages-dev all 5.10-1ubuntu1 [2309 kB]
Fetched 63.7 MB in 3min 4s (347 kB/s)
Selecting previously unselected package gcc-11-base:amd64.
(Reading database ... 63878 files and directories currently installed.)
Preparing to unpack .../00-gcc-11-base_11.2.0-19ubuntu1_amd64.deb ...
Unpacking gcc-11-base:amd64 (11.2.0-19ubuntu1) ...
Selecting previously unselected package libisl23:amd64.
Preparing to unpack .../01-libisl23_0.24-2build1_amd64.deb ...
Unpacking libisl23:amd64 (0.24-2build1) ...
Selecting previously unselected package libmpc3:amd64.
Preparing to unpack .../02-libmpc3_1.2.1-2build1_amd64.deb ...
Unpacking libmpc3:amd64 (1.2.1-2build1) ...
Selecting previously unselected package cpp-11.
Preparing to unpack .../03-cpp-11_11.2.0-19ubuntu1_amd64.deb ...
Unpacking cpp-11 (11.2.0-19ubuntu1) ...
Selecting previously unselected package cpp.
Preparing to unpack .../04-cpp_4%3a11.2.0-1ubuntu1_amd64.deb ...
Unpacking cpp (4:11.2.0-1ubuntu1) ...
Selecting previously unselected package libcc1-0:amd64.
Preparing to unpack .../05-libcc1-0_12-20220319-1ubuntu1_amd64.deb ...
Unpacking libcc1-0:amd64 (12-20220319-1ubuntu1) ...
Selecting previously unselected package libgomp1:amd64.
Preparing to unpack .../06-libgomp1_12-20220319-1ubuntu1_amd64.deb ...
Unpacking libgomp1:amd64 (12-20220319-1ubuntu1) ...
Selecting previously unselected package libitm1:amd64.
Preparing to unpack .../07-libitm1_12-20220319-1ubuntu1_amd64.deb ...
Unpacking libitm1:amd64 (12-20220319-1ubuntu1) ...
Selecting previously unselected package libatomic1:amd64.
Preparing to unpack .../08-libatomic1_12-20220319-1ubuntu1_amd64.deb ...
Unpacking libatomic1:amd64 (12-20220319-1ubuntu1) ...
Selecting previously unselected package libasan6:amd64.
Preparing to unpack .../09-libasan6_11.2.0-19ubuntu1_amd64.deb ...
Unpacking libasan6:amd64 (11.2.0-19ubuntu1) ...
Selecting previously unselected package liblsan0:amd64.
Preparing to unpack .../10-liblsan0_12-20220319-1ubuntu1_amd64.deb ...
Unpacking liblsan0:amd64 (12-20220319-1ubuntu1) ...
Selecting previously unselected package libtsan0:amd64.
Preparing to unpack .../11-libtsan0_11.2.0-19ubuntu1_amd64.deb ...
Unpacking libtsan0:amd64 (11.2.0-19ubuntu1) ...
Selecting previously unselected package libubsan1:amd64.
Preparing to unpack .../12-libubsan1_12-20220319-1ubuntu1_amd64.deb ...
Unpacking libubsan1:amd64 (12-20220319-1ubuntu1) ...
Selecting previously unselected package libquadmath0:amd64.
Preparing to unpack .../13-libquadmath0_12-20220319-1ubuntu1_amd64.deb ...
Unpacking libquadmath0:amd64 (12-20220319-1ubuntu1) ...
Selecting previously unselected package libgcc-11-dev:amd64.
Preparing to unpack .../14-libgcc-11-dev_11.2.0-19ubuntu1_amd64.deb ...
Unpacking libgcc-11-dev:amd64 (11.2.0-19ubuntu1) ...
Selecting previously unselected package gcc-11.
Preparing to unpack .../15-gcc-11_11.2.0-19ubuntu1_amd64.deb ...
Unpacking gcc-11 (11.2.0-19ubuntu1) ...
Selecting previously unselected package gcc.
Preparing to unpack .../16-gcc_4%3a11.2.0-1ubuntu1_amd64.deb ...
Unpacking gcc (4:11.2.0-1ubuntu1) ...
Selecting previously unselected package libdpkg-perl.
Preparing to unpack .../17-libdpkg-perl_1.21.1ubuntu2.1_all.deb ...
Unpacking libdpkg-perl (1.21.1ubuntu2.1) ...
Selecting previously unselected package bzip2.
Preparing to unpack .../18-bzip2_1.0.8-5build1_amd64.deb ...
Unpacking bzip2 (1.0.8-5build1) ...
Selecting previously unselected package make.
Preparing to unpack .../19-make_4.3-4.1build1_amd64.deb ...
Unpacking make (4.3-4.1build1) ...
Selecting previously unselected package lto-disabled-list.
Preparing to unpack .../20-lto-disabled-list_24_all.deb ...
Unpacking lto-disabled-list (24) ...
Selecting previously unselected package dpkg-dev.
Preparing to unpack .../21-dpkg-dev_1.21.1ubuntu2.1_all.deb ...
Unpacking dpkg-dev (1.21.1ubuntu2.1) ...
Selecting previously unselected package libc-dev-bin.
Preparing to unpack .../22-libc-dev-bin_2.35-0ubuntu3_amd64.deb ...
Unpacking libc-dev-bin (2.35-0ubuntu3) ...
Selecting previously unselected package linux-libc-dev:amd64.
Preparing to unpack .../23-linux-libc-dev_5.15.0-41.44_amd64.deb ...
Unpacking linux-libc-dev:amd64 (5.15.0-41.44) ...
Selecting previously unselected package libcrypt-dev:amd64.
Preparing to unpack .../24-libcrypt-dev_1%3a4.4.27-1_amd64.deb ...
Unpacking libcrypt-dev:amd64 (1:4.4.27-1) ...
Selecting previously unselected package rpcsvc-proto.
Preparing to unpack .../25-rpcsvc-proto_1.4.2-0ubuntu6_amd64.deb ...
Unpacking rpcsvc-proto (1.4.2-0ubuntu6) ...
Selecting previously unselected package libtirpc-dev:amd64.
Preparing to unpack .../26-libtirpc-dev_1.3.2-2build1_amd64.deb ...
Unpacking libtirpc-dev:amd64 (1.3.2-2build1) ...
Selecting previously unselected package libnsl-dev:amd64.
Preparing to unpack .../27-libnsl-dev_1.3.0-2build2_amd64.deb ...
Unpacking libnsl-dev:amd64 (1.3.0-2build2) ...
Selecting previously unselected package libc6-dev:amd64.
Preparing to unpack .../28-libc6-dev_2.35-0ubuntu3_amd64.deb ...
Unpacking libc6-dev:amd64 (2.35-0ubuntu3) ...
Selecting previously unselected package libstdc++-11-dev:amd64.
Preparing to unpack .../29-libstdc++-11-dev_11.2.0-19ubuntu1_amd64.deb ...
Unpacking libstdc++-11-dev:amd64 (11.2.0-19ubuntu1) ...
Selecting previously unselected package g++-11.
Preparing to unpack .../30-g++-11_11.2.0-19ubuntu1_amd64.deb ...
Unpacking g++-11 (11.2.0-19ubuntu1) ...
Selecting previously unselected package g++.
Preparing to unpack .../31-g++_4%3a11.2.0-1ubuntu1_amd64.deb ...
Unpacking g++ (4:11.2.0-1ubuntu1) ...
Selecting previously unselected package build-essential.
Preparing to unpack .../32-build-essential_12.9ubuntu3_amd64.deb ...
Unpacking build-essential (12.9ubuntu3) ...
Selecting previously unselected package dctrl-tools.
Preparing to unpack .../33-dctrl-tools_2.24-3build2_amd64.deb ...
Unpacking dctrl-tools (2.24-3build2) ...
Selecting previously unselected package dkms.
Preparing to unpack .../34-dkms_2.8.7-2ubuntu2_all.deb ...
Unpacking dkms (2.8.7-2ubuntu2) ...
Selecting previously unselected package libfakeroot:amd64.
Preparing to unpack .../35-libfakeroot_1.28-1ubuntu1_amd64.deb ...
Unpacking libfakeroot:amd64 (1.28-1ubuntu1) ...
Selecting previously unselected package fakeroot.
Preparing to unpack .../36-fakeroot_1.28-1ubuntu1_amd64.deb ...
Unpacking fakeroot (1.28-1ubuntu1) ...
Selecting previously unselected package fonts-dejavu-core.
Preparing to unpack .../37-fonts-dejavu-core_2.37-2build1_all.deb ...
Unpacking fonts-dejavu-core (2.37-2build1) ...
Selecting previously unselected package fontconfig-config.
Preparing to unpack .../38-fontconfig-config_2.13.1-4.2ubuntu5_all.deb ...
Unpacking fontconfig-config (2.13.1-4.2ubuntu5) ...
Selecting previously unselected package libalgorithm-diff-perl.
Preparing to unpack .../39-libalgorithm-diff-perl_1.201-1_all.deb ...
Unpacking libalgorithm-diff-perl (1.201-1) ...
Selecting previously unselected package libalgorithm-diff-xs-perl.
Preparing to unpack .../40-libalgorithm-diff-xs-perl_0.04-6build3_amd64.deb ...
Unpacking libalgorithm-diff-xs-perl (0.04-6build3) ...
Selecting previously unselected package libalgorithm-merge-perl.
Preparing to unpack .../41-libalgorithm-merge-perl_0.08-3_all.deb ...
Unpacking libalgorithm-merge-perl (0.08-3) ...
Selecting previously unselected package libfontconfig1:amd64.
Preparing to unpack .../42-libfontconfig1_2.13.1-4.2ubuntu5_amd64.deb ...
Unpacking libfontconfig1:amd64 (2.13.1-4.2ubuntu5) ...
Selecting previously unselected package libjpeg-turbo8:amd64.
Preparing to unpack .../43-libjpeg-turbo8_2.1.2-0ubuntu1_amd64.deb ...
Unpacking libjpeg-turbo8:amd64 (2.1.2-0ubuntu1) ...
Selecting previously unselected package libjpeg8:amd64.
Preparing to unpack .../44-libjpeg8_8c-2ubuntu10_amd64.deb ...
Unpacking libjpeg8:amd64 (8c-2ubuntu10) ...
Selecting previously unselected package libdeflate0:amd64.
Preparing to unpack .../45-libdeflate0_1.10-2_amd64.deb ...
Unpacking libdeflate0:amd64 (1.10-2) ...
Selecting previously unselected package libjbig0:amd64.
Preparing to unpack .../46-libjbig0_2.1-3.1build3_amd64.deb ...
Unpacking libjbig0:amd64 (2.1-3.1build3) ...
Selecting previously unselected package libwebp7:amd64.
Preparing to unpack .../47-libwebp7_1.2.2-2_amd64.deb ...
Unpacking libwebp7:amd64 (1.2.2-2) ...
Selecting previously unselected package libtiff5:amd64.
Preparing to unpack .../48-libtiff5_4.3.0-6_amd64.deb ...
Unpacking libtiff5:amd64 (4.3.0-6) ...
Selecting previously unselected package libxpm4:amd64.
Preparing to unpack .../49-libxpm4_1%3a3.5.12-1build2_amd64.deb ...
Unpacking libxpm4:amd64 (1:3.5.12-1build2) ...
Selecting previously unselected package libgd3:amd64.
Preparing to unpack .../50-libgd3_2.3.0-2ubuntu2_amd64.deb ...
Unpacking libgd3:amd64 (2.3.0-2ubuntu2) ...
Selecting previously unselected package libc-devtools.
Preparing to unpack .../51-libc-devtools_2.35-0ubuntu3_amd64.deb ...
Unpacking libc-devtools (2.35-0ubuntu3) ...
Selecting previously unselected package libfile-fcntllock-perl.
Preparing to unpack .../52-libfile-fcntllock-perl_0.22-3build7_amd64.deb ...
Unpacking libfile-fcntllock-perl (0.22-3build7) ...
Selecting previously unselected package manpages-dev.
Preparing to unpack .../53-manpages-dev_5.10-1ubuntu1_all.deb ...
Unpacking manpages-dev (5.10-1ubuntu1) ...
Setting up gcc-11-base:amd64 (11.2.0-19ubuntu1) ...
Setting up manpages-dev (5.10-1ubuntu1) ...
Setting up lto-disabled-list (24) ...
Setting up libxpm4:amd64 (1:3.5.12-1build2) ...
Setting up libfile-fcntllock-perl (0.22-3build7) ...
Setting up libalgorithm-diff-perl (1.201-1) ...
Setting up libdeflate0:amd64 (1.10-2) ...
Setting up linux-libc-dev:amd64 (5.15.0-41.44) ...
Setting up libgomp1:amd64 (12-20220319-1ubuntu1) ...
Setting up bzip2 (1.0.8-5build1) ...
Setting up libjbig0:amd64 (2.1-3.1build3) ...
Setting up libfakeroot:amd64 (1.28-1ubuntu1) ...
Setting up libasan6:amd64 (11.2.0-19ubuntu1) ...
Setting up fakeroot (1.28-1ubuntu1) ...
update-alternatives: using /usr/bin/fakeroot-sysv to provide /usr/bin/fakeroot (fakeroot) in auto mode
Setting up libtirpc-dev:amd64 (1.3.2-2build1) ...
Setting up rpcsvc-proto (1.4.2-0ubuntu6) ...
Setting up make (4.3-4.1build1) ...
Setting up libquadmath0:amd64 (12-20220319-1ubuntu1) ...
Setting up libmpc3:amd64 (1.2.1-2build1) ...
Setting up libatomic1:amd64 (12-20220319-1ubuntu1) ...
Setting up fonts-dejavu-core (2.37-2build1) ...
Setting up libjpeg-turbo8:amd64 (2.1.2-0ubuntu1) ...
Setting up libdpkg-perl (1.21.1ubuntu2.1) ...
Setting up libwebp7:amd64 (1.2.2-2) ...
Setting up libubsan1:amd64 (12-20220319-1ubuntu1) ...
Setting up libnsl-dev:amd64 (1.3.0-2build2) ...
Setting up libcrypt-dev:amd64 (1:4.4.27-1) ...
Setting up libisl23:amd64 (0.24-2build1) ...
Setting up libc-dev-bin (2.35-0ubuntu3) ...
Setting up libalgorithm-diff-xs-perl (0.04-6build3) ...
Setting up libcc1-0:amd64 (12-20220319-1ubuntu1) ...
Setting up liblsan0:amd64 (12-20220319-1ubuntu1) ...
Setting up dctrl-tools (2.24-3build2) ...
Setting up libitm1:amd64 (12-20220319-1ubuntu1) ...
Setting up libalgorithm-merge-perl (0.08-3) ...
Setting up libtsan0:amd64 (11.2.0-19ubuntu1) ...
Setting up libjpeg8:amd64 (8c-2ubuntu10) ...
Setting up cpp-11 (11.2.0-19ubuntu1) ...
Setting up fontconfig-config (2.13.1-4.2ubuntu5) ...
Setting up dpkg-dev (1.21.1ubuntu2.1) ...
Setting up libgcc-11-dev:amd64 (11.2.0-19ubuntu1) ...
Setting up gcc-11 (11.2.0-19ubuntu1) ...
Setting up cpp (4:11.2.0-1ubuntu1) ...
Setting up libc6-dev:amd64 (2.35-0ubuntu3) ...
Setting up libtiff5:amd64 (4.3.0-6) ...
Setting up libfontconfig1:amd64 (2.13.1-4.2ubuntu5) ...
Setting up gcc (4:11.2.0-1ubuntu1) ...
Setting up dkms (2.8.7-2ubuntu2) ...
Setting up libgd3:amd64 (2.3.0-2ubuntu2) ...
Setting up libstdc++-11-dev:amd64 (11.2.0-19ubuntu1) ...
Setting up libc-devtools (2.35-0ubuntu3) ...
Setting up g++-11 (11.2.0-19ubuntu1) ...
Setting up g++ (4:11.2.0-1ubuntu1) ...
update-alternatives: using /usr/bin/g++ to provide /usr/bin/c++ (c++) in auto mode
Setting up build-essential (12.9ubuntu3) ...
Processing triggers for man-db (2.10.2-1) ...
Processing triggers for libc-bin (2.35-0ubuntu3) ...
NEEDRESTART-VER: 3.5
NEEDRESTART-KCUR: 5.15.0-41-generic
NEEDRESTART-KEXP: 5.15.0-41-generic
NEEDRESTART-KSTA: 1
Copy iso file /usr/share/virtualbox/VBoxGuestAdditions.iso into the box /tmp/VBoxGuestAdditions.iso
Mounting Virtualbox Guest Additions ISO to: /mnt
mount: /mnt: WARNING: source write-protected, mounted read-only.
Installing Virtualbox Guest Additions 6.1.34 - guest version is 6.0.0
Verifying archive integrity... All good.
Uncompressing VirtualBox 6.1.34 Guest Additions for Linux........
VirtualBox Guest Additions installer
Copying additional installer modules ...
Installing additional modules ...
VirtualBox Guest Additions: Starting.
VirtualBox Guest Additions: Building the VirtualBox Guest Additions kernel 
modules.  This may take a while.
VirtualBox Guest Additions: To build modules for other installed kernels, run
VirtualBox Guest Additions:   /sbin/rcvboxadd quicksetup <version>
VirtualBox Guest Additions: or
VirtualBox Guest Additions:   /sbin/rcvboxadd quicksetup all
VirtualBox Guest Additions: Building the modules for kernel 5.15.0-41-generic.
update-initramfs: Generating /boot/initrd.img-5.15.0-41-generic
VirtualBox Guest Additions: Running kernel modules will not be replaced until 
the system is restarted
An error occurred during installation of VirtualBox Guest Additions 6.1.34. Some functionality may not work as intended.
In most cases it is OK that the "Window System drivers" installation failed.
Unmounting Virtualbox Guest Additions ISO from: /mnt
Got different reports about installed GuestAdditions version:
Virtualbox on your host claims:   6.0.0
VBoxService inside the vm claims: 6.1.34
Going on, assuming VBoxService is correct...
Got different reports about installed GuestAdditions version:
Virtualbox on your host claims:   6.0.0
VBoxService inside the vm claims: 6.1.34
Going on, assuming VBoxService is correct...
Got different reports about installed GuestAdditions version:
Virtualbox on your host claims:   6.0.0
VBoxService inside the vm claims: 6.1.34
Going on, assuming VBoxService is correct...
Restarting VM to apply changes...
==> kworker1: Attempting graceful shutdown of VM...
==> kworker1: Booting VM...
==> kworker1: Waiting for machine to boot. This may take a few minutes...
==> kworker1: Machine booted and ready!
==> kworker1: Checking for guest additions in VM...
==> kworker1: Setting hostname...
==> kworker1: Configuring and enabling network interfaces...
==> kworker1: Mounting shared folders...
    kworker1: /vagrant => /mnt/sda3/vagrant/my-kubernetes/vagrant-provisioning
==> kworker1: Running provisioner: shell...
    kworker1: Running: /tmp/vagrant-shell20220716-201843-11sp7z9.sh
    kworker1: ********Preparaing the operating system********
    kworker1: [TASK 1] Disable and turn off SWAP
    kworker1: [TASK 2] Stop and Disable firewall
    kworker1: [TASK 3] Enable and Load Kernel modules
    kworker1: [TASK 4] Add Kernel settings
    kworker1: [TASK 5] Install containerd runtime
    kworker1: [TASK 6] Add apt repo for kubernetes
    kworker1: [TASK 7] Install Kubernetes components (kubeadm, kubelet and kubectl)
    kworker1: kubelet set on hold.
    kworker1: kubeadm set on hold.
    kworker1: kubectl set on hold.
    kworker1: [TASK 8] Enable ssh password authentication
    kworker1: [TASK 9] Set root password
    kworker1: [TASK 10] Update /etc/hosts file
==> kworker1: Configuring proxy for Git...
==> kworker1: Running provisioner: shell...
    kworker1: Running: /tmp/vagrant-shell20220716-201843-1qei702.sh
    kworker1: [TASK 1] Join node to Kubernetes Cluster
==> kworker1: Configuring proxy for Git...
==> kworker2: Box 'ubuntu/jammy64' could not be found. Attempting to find and install...
    kworker2: Box Provider: virtualbox
    kworker2: Box Version: 20220712.0.0
==> kworker2: Loading metadata for box 'ubuntu/jammy64'
    kworker2: URL: https://vagrantcloud.com/ubuntu/jammy64
==> kworker2: Adding box 'ubuntu/jammy64' (v20220712.0.0) for provider: virtualbox
==> kworker2: Importing base box 'ubuntu/jammy64'...
==> kworker2: Matching MAC address for NAT networking...
==> kworker2: Setting the name of the VM: kworker2
==> kworker2: Fixed port collision for 22 => 2222. Now on port 2201.
==> kworker2: Clearing any previously set network interfaces...
==> kworker2: Preparing network interfaces based on configuration...
    kworker2: Adapter 1: nat
    kworker2: Adapter 2: hostonly
==> kworker2: Forwarding ports...
    kworker2: 22 (guest) => 2201 (host) (adapter 1)
==> kworker2: Running 'pre-boot' VM customizations...
==> kworker2: Booting VM...
==> kworker2: Waiting for machine to boot. This may take a few minutes...
    kworker2: SSH address: 127.0.0.1:2201
    kworker2: SSH username: vagrant
    kworker2: SSH auth method: private key
    kworker2: 
    kworker2: Vagrant insecure key detected. Vagrant will automatically replace
    kworker2: this with a newly generated keypair for better security.
    kworker2: 
    kworker2: Inserting generated public key within guest...
    kworker2: Removing insecure key from the guest if it's present...
    kworker2: Key inserted! Disconnecting and reconnecting using new SSH key...
==> kworker2: Machine booted and ready!
==> kworker2: Configuring proxy for Apt...
==> kworker2: Configuring proxy environment variables...
==> kworker2: Configuring proxy for Git...
[kworker2] A Virtualbox Guest Additions installation was found but no tools to rebuild or start them.
Reading package lists...
Building dependency tree...
Reading state information...
linux-headers-5.15.0-41-generic is already the newest version (5.15.0-41.44).
linux-headers-5.15.0-41-generic set to manually installed.
The following additional packages will be installed:
  build-essential bzip2 cpp cpp-11 dctrl-tools dpkg-dev fakeroot
  fontconfig-config fonts-dejavu-core g++ g++-11 gcc gcc-11 gcc-11-base
  libalgorithm-diff-perl libalgorithm-diff-xs-perl libalgorithm-merge-perl
  libasan6 libatomic1 libc-dev-bin libc-devtools libc6-dev libcc1-0
  libcrypt-dev libdeflate0 libdpkg-perl libfakeroot libfile-fcntllock-perl
  libfontconfig1 libgcc-11-dev libgd3 libgomp1 libisl23 libitm1 libjbig0
  libjpeg-turbo8 libjpeg8 liblsan0 libmpc3 libnsl-dev libquadmath0
  libstdc++-11-dev libtiff5 libtirpc-dev libtsan0 libubsan1 libwebp7 libxpm4
  linux-libc-dev lto-disabled-list make manpages-dev rpcsvc-proto
Suggested packages:
  bzip2-doc cpp-doc gcc-11-locales debtags menu debian-keyring g++-multilib
  g++-11-multilib gcc-11-doc gcc-multilib autoconf automake libtool flex bison
  gdb gcc-doc gcc-11-multilib glibc-doc bzr libgd-tools libstdc++-11-doc
  make-doc
The following NEW packages will be installed:
  build-essential bzip2 cpp cpp-11 dctrl-tools dkms dpkg-dev fakeroot
  fontconfig-config fonts-dejavu-core g++ g++-11 gcc gcc-11 gcc-11-base
  libalgorithm-diff-perl libalgorithm-diff-xs-perl libalgorithm-merge-perl
  libasan6 libatomic1 libc-dev-bin libc-devtools libc6-dev libcc1-0
  libcrypt-dev libdeflate0 libdpkg-perl libfakeroot libfile-fcntllock-perl
  libfontconfig1 libgcc-11-dev libgd3 libgomp1 libisl23 libitm1 libjbig0
  libjpeg-turbo8 libjpeg8 liblsan0 libmpc3 libnsl-dev libquadmath0
  libstdc++-11-dev libtiff5 libtirpc-dev libtsan0 libubsan1 libwebp7 libxpm4
  linux-libc-dev lto-disabled-list make manpages-dev rpcsvc-proto
0 upgraded, 54 newly installed, 0 to remove and 0 not upgraded.
Need to get 63.7 MB of archives.
After this operation, 207 MB of additional disk space will be used.
Ign:1 http://archive.ubuntu.com/ubuntu jammy/main amd64 gcc-11-base amd64 11.2.0-19ubuntu1
Get:2 http://archive.ubuntu.com/ubuntu jammy/main amd64 libisl23 amd64 0.24-2build1 [727 kB]
Ign:3 http://archive.ubuntu.com/ubuntu jammy/main amd64 libmpc3 amd64 1.2.1-2build1
Get:4 http://archive.ubuntu.com/ubuntu jammy/main amd64 cpp-11 amd64 11.2.0-19ubuntu1 [9966 kB]
Get:5 http://archive.ubuntu.com/ubuntu jammy/main amd64 cpp amd64 4:11.2.0-1ubuntu1 [27.7 kB]
Get:6 http://archive.ubuntu.com/ubuntu jammy/main amd64 libcc1-0 amd64 12-20220319-1ubuntu1 [47.2 kB]
Get:7 http://archive.ubuntu.com/ubuntu jammy/main amd64 libgomp1 amd64 12-20220319-1ubuntu1 [126 kB]
Ign:8 http://archive.ubuntu.com/ubuntu jammy/main amd64 libitm1 amd64 12-20220319-1ubuntu1
Get:9 http://archive.ubuntu.com/ubuntu jammy/main amd64 libatomic1 amd64 12-20220319-1ubuntu1 [10.4 kB]
Get:10 http://archive.ubuntu.com/ubuntu jammy/main amd64 libasan6 amd64 11.2.0-19ubuntu1 [2283 kB]
Get:11 http://archive.ubuntu.com/ubuntu jammy/main amd64 liblsan0 amd64 12-20220319-1ubuntu1 [1069 kB]
Ign:12 http://archive.ubuntu.com/ubuntu jammy/main amd64 libtsan0 amd64 11.2.0-19ubuntu1
Get:13 http://archive.ubuntu.com/ubuntu jammy/main amd64 libubsan1 amd64 12-20220319-1ubuntu1 [976 kB]
Get:14 http://archive.ubuntu.com/ubuntu jammy/main amd64 libquadmath0 amd64 12-20220319-1ubuntu1 [154 kB]
Get:15 http://archive.ubuntu.com/ubuntu jammy/main amd64 libgcc-11-dev amd64 11.2.0-19ubuntu1 [2526 kB]
Get:16 http://archive.ubuntu.com/ubuntu jammy/main amd64 gcc-11 amd64 11.2.0-19ubuntu1 [20.1 MB]
Get:17 http://archive.ubuntu.com/ubuntu jammy/main amd64 gcc amd64 4:11.2.0-1ubuntu1 [5112 B]
Get:18 http://archive.ubuntu.com/ubuntu jammy-updates/main amd64 libdpkg-perl all 1.21.1ubuntu2.1 [237 kB]
Get:19 http://archive.ubuntu.com/ubuntu jammy/main amd64 bzip2 amd64 1.0.8-5build1 [34.8 kB]
Get:20 http://archive.ubuntu.com/ubuntu jammy/main amd64 make amd64 4.3-4.1build1 [180 kB]
Get:21 http://archive.ubuntu.com/ubuntu jammy/main amd64 lto-disabled-list all 24 [12.5 kB]
Get:22 http://archive.ubuntu.com/ubuntu jammy-updates/main amd64 dpkg-dev all 1.21.1ubuntu2.1 [922 kB]
Get:23 http://archive.ubuntu.com/ubuntu jammy/main amd64 libc-dev-bin amd64 2.35-0ubuntu3 [20.3 kB]
Get:24 http://archive.ubuntu.com/ubuntu jammy-updates/main amd64 linux-libc-dev amd64 5.15.0-41.44 [1297 kB]
Get:25 http://archive.ubuntu.com/ubuntu jammy/main amd64 libcrypt-dev amd64 1:4.4.27-1 [112 kB]
Get:26 http://archive.ubuntu.com/ubuntu jammy/main amd64 rpcsvc-proto amd64 1.4.2-0ubuntu6 [68.5 kB]
Get:27 http://archive.ubuntu.com/ubuntu jammy/main amd64 libtirpc-dev amd64 1.3.2-2build1 [192 kB]
Get:28 http://archive.ubuntu.com/ubuntu jammy/main amd64 libnsl-dev amd64 1.3.0-2build2 [71.3 kB]
Get:29 http://archive.ubuntu.com/ubuntu jammy/main amd64 libc6-dev amd64 2.35-0ubuntu3 [2099 kB]
Get:30 http://archive.ubuntu.com/ubuntu jammy/main amd64 libstdc++-11-dev amd64 11.2.0-19ubuntu1 [2083 kB]
Get:31 http://archive.ubuntu.com/ubuntu jammy/main amd64 g++-11 amd64 11.2.0-19ubuntu1 [11.4 MB]
Get:32 http://archive.ubuntu.com/ubuntu jammy/main amd64 g++ amd64 4:11.2.0-1ubuntu1 [1412 B]
Get:33 http://archive.ubuntu.com/ubuntu jammy/main amd64 build-essential amd64 12.9ubuntu3 [4744 B]
Get:34 http://archive.ubuntu.com/ubuntu jammy/main amd64 dctrl-tools amd64 2.24-3build2 [66.9 kB]
Get:35 http://archive.ubuntu.com/ubuntu jammy/main amd64 dkms all 2.8.7-2ubuntu2 [69.6 kB]
Get:36 http://archive.ubuntu.com/ubuntu jammy/main amd64 libfakeroot amd64 1.28-1ubuntu1 [31.5 kB]
Get:37 http://archive.ubuntu.com/ubuntu jammy/main amd64 fakeroot amd64 1.28-1ubuntu1 [60.4 kB]
Get:38 http://archive.ubuntu.com/ubuntu jammy/main amd64 fonts-dejavu-core all 2.37-2build1 [1041 kB]
Get:39 http://archive.ubuntu.com/ubuntu jammy/main amd64 fontconfig-config all 2.13.1-4.2ubuntu5 [29.1 kB]
Get:40 http://archive.ubuntu.com/ubuntu jammy/main amd64 libalgorithm-diff-perl all 1.201-1 [41.8 kB]
Get:41 http://archive.ubuntu.com/ubuntu jammy/main amd64 libalgorithm-diff-xs-perl amd64 0.04-6build3 [11.9 kB]
Get:42 http://archive.ubuntu.com/ubuntu jammy/main amd64 libalgorithm-merge-perl all 0.08-3 [12.0 kB]
Get:43 http://archive.ubuntu.com/ubuntu jammy/main amd64 libfontconfig1 amd64 2.13.1-4.2ubuntu5 [131 kB]
Get:44 http://archive.ubuntu.com/ubuntu jammy/main amd64 libjpeg-turbo8 amd64 2.1.2-0ubuntu1 [134 kB]
Get:45 http://archive.ubuntu.com/ubuntu jammy/main amd64 libjpeg8 amd64 8c-2ubuntu10 [2264 B]
Get:46 http://archive.ubuntu.com/ubuntu jammy/main amd64 libdeflate0 amd64 1.10-2 [70.9 kB]
Get:47 http://archive.ubuntu.com/ubuntu jammy/main amd64 libjbig0 amd64 2.1-3.1build3 [28.9 kB]
Get:48 http://archive.ubuntu.com/ubuntu jammy/main amd64 libwebp7 amd64 1.2.2-2 [206 kB]
Get:49 http://archive.ubuntu.com/ubuntu jammy/main amd64 libtiff5 amd64 4.3.0-6 [183 kB]
Get:50 http://archive.ubuntu.com/ubuntu jammy/main amd64 libxpm4 amd64 1:3.5.12-1build2 [36.2 kB]
Get:51 http://archive.ubuntu.com/ubuntu jammy/main amd64 libgd3 amd64 2.3.0-2ubuntu2 [129 kB]
Get:52 http://archive.ubuntu.com/ubuntu jammy/main amd64 libc-devtools amd64 2.35-0ubuntu3 [28.9 kB]
Get:53 http://archive.ubuntu.com/ubuntu jammy/main amd64 libfile-fcntllock-perl amd64 0.22-3build7 [33.9 kB]
Get:54 http://archive.ubuntu.com/ubuntu jammy/main amd64 manpages-dev all 5.10-1ubuntu1 [2309 kB]
Get:1 http://archive.ubuntu.com/ubuntu jammy/main amd64 gcc-11-base amd64 11.2.0-19ubuntu1 [20.8 kB]
Get:3 http://archive.ubuntu.com/ubuntu jammy/main amd64 libmpc3 amd64 1.2.1-2build1 [46.9 kB]
Get:8 http://archive.ubuntu.com/ubuntu jammy/main amd64 libitm1 amd64 12-20220319-1ubuntu1 [30.2 kB]
Get:12 http://archive.ubuntu.com/ubuntu jammy/main amd64 libtsan0 amd64 11.2.0-19ubuntu1 [2261 kB]
Fetched 63.7 MB in 7min 59s (133 kB/s)
Selecting previously unselected package gcc-11-base:amd64.
(Reading database ... 63878 files and directories currently installed.)
Preparing to unpack .../00-gcc-11-base_11.2.0-19ubuntu1_amd64.deb ...
Unpacking gcc-11-base:amd64 (11.2.0-19ubuntu1) ...
Selecting previously unselected package libisl23:amd64.
Preparing to unpack .../01-libisl23_0.24-2build1_amd64.deb ...
Unpacking libisl23:amd64 (0.24-2build1) ...
Selecting previously unselected package libmpc3:amd64.
Preparing to unpack .../02-libmpc3_1.2.1-2build1_amd64.deb ...
Unpacking libmpc3:amd64 (1.2.1-2build1) ...
Selecting previously unselected package cpp-11.
Preparing to unpack .../03-cpp-11_11.2.0-19ubuntu1_amd64.deb ...
Unpacking cpp-11 (11.2.0-19ubuntu1) ...
Selecting previously unselected package cpp.
Preparing to unpack .../04-cpp_4%3a11.2.0-1ubuntu1_amd64.deb ...
Unpacking cpp (4:11.2.0-1ubuntu1) ...
Selecting previously unselected package libcc1-0:amd64.
Preparing to unpack .../05-libcc1-0_12-20220319-1ubuntu1_amd64.deb ...
Unpacking libcc1-0:amd64 (12-20220319-1ubuntu1) ...
Selecting previously unselected package libgomp1:amd64.
Preparing to unpack .../06-libgomp1_12-20220319-1ubuntu1_amd64.deb ...
Unpacking libgomp1:amd64 (12-20220319-1ubuntu1) ...
Selecting previously unselected package libitm1:amd64.
Preparing to unpack .../07-libitm1_12-20220319-1ubuntu1_amd64.deb ...
Unpacking libitm1:amd64 (12-20220319-1ubuntu1) ...
Selecting previously unselected package libatomic1:amd64.
Preparing to unpack .../08-libatomic1_12-20220319-1ubuntu1_amd64.deb ...
Unpacking libatomic1:amd64 (12-20220319-1ubuntu1) ...
Selecting previously unselected package libasan6:amd64.
Preparing to unpack .../09-libasan6_11.2.0-19ubuntu1_amd64.deb ...
Unpacking libasan6:amd64 (11.2.0-19ubuntu1) ...
Selecting previously unselected package liblsan0:amd64.
Preparing to unpack .../10-liblsan0_12-20220319-1ubuntu1_amd64.deb ...
Unpacking liblsan0:amd64 (12-20220319-1ubuntu1) ...
Selecting previously unselected package libtsan0:amd64.
Preparing to unpack .../11-libtsan0_11.2.0-19ubuntu1_amd64.deb ...
Unpacking libtsan0:amd64 (11.2.0-19ubuntu1) ...
Selecting previously unselected package libubsan1:amd64.
Preparing to unpack .../12-libubsan1_12-20220319-1ubuntu1_amd64.deb ...
Unpacking libubsan1:amd64 (12-20220319-1ubuntu1) ...
Selecting previously unselected package libquadmath0:amd64.
Preparing to unpack .../13-libquadmath0_12-20220319-1ubuntu1_amd64.deb ...
Unpacking libquadmath0:amd64 (12-20220319-1ubuntu1) ...
Selecting previously unselected package libgcc-11-dev:amd64.
Preparing to unpack .../14-libgcc-11-dev_11.2.0-19ubuntu1_amd64.deb ...
Unpacking libgcc-11-dev:amd64 (11.2.0-19ubuntu1) ...
Selecting previously unselected package gcc-11.
Preparing to unpack .../15-gcc-11_11.2.0-19ubuntu1_amd64.deb ...
Unpacking gcc-11 (11.2.0-19ubuntu1) ...
Selecting previously unselected package gcc.
Preparing to unpack .../16-gcc_4%3a11.2.0-1ubuntu1_amd64.deb ...
Unpacking gcc (4:11.2.0-1ubuntu1) ...
Selecting previously unselected package libdpkg-perl.
Preparing to unpack .../17-libdpkg-perl_1.21.1ubuntu2.1_all.deb ...
Unpacking libdpkg-perl (1.21.1ubuntu2.1) ...
Selecting previously unselected package bzip2.
Preparing to unpack .../18-bzip2_1.0.8-5build1_amd64.deb ...
Unpacking bzip2 (1.0.8-5build1) ...
Selecting previously unselected package make.
Preparing to unpack .../19-make_4.3-4.1build1_amd64.deb ...
Unpacking make (4.3-4.1build1) ...
Selecting previously unselected package lto-disabled-list.
Preparing to unpack .../20-lto-disabled-list_24_all.deb ...
Unpacking lto-disabled-list (24) ...
Selecting previously unselected package dpkg-dev.
Preparing to unpack .../21-dpkg-dev_1.21.1ubuntu2.1_all.deb ...
Unpacking dpkg-dev (1.21.1ubuntu2.1) ...
Selecting previously unselected package libc-dev-bin.
Preparing to unpack .../22-libc-dev-bin_2.35-0ubuntu3_amd64.deb ...
Unpacking libc-dev-bin (2.35-0ubuntu3) ...
Selecting previously unselected package linux-libc-dev:amd64.
Preparing to unpack .../23-linux-libc-dev_5.15.0-41.44_amd64.deb ...
Unpacking linux-libc-dev:amd64 (5.15.0-41.44) ...
Selecting previously unselected package libcrypt-dev:amd64.
Preparing to unpack .../24-libcrypt-dev_1%3a4.4.27-1_amd64.deb ...
Unpacking libcrypt-dev:amd64 (1:4.4.27-1) ...
Selecting previously unselected package rpcsvc-proto.
Preparing to unpack .../25-rpcsvc-proto_1.4.2-0ubuntu6_amd64.deb ...
Unpacking rpcsvc-proto (1.4.2-0ubuntu6) ...
Selecting previously unselected package libtirpc-dev:amd64.
Preparing to unpack .../26-libtirpc-dev_1.3.2-2build1_amd64.deb ...
Unpacking libtirpc-dev:amd64 (1.3.2-2build1) ...
Selecting previously unselected package libnsl-dev:amd64.
Preparing to unpack .../27-libnsl-dev_1.3.0-2build2_amd64.deb ...
Unpacking libnsl-dev:amd64 (1.3.0-2build2) ...
Selecting previously unselected package libc6-dev:amd64.
Preparing to unpack .../28-libc6-dev_2.35-0ubuntu3_amd64.deb ...
Unpacking libc6-dev:amd64 (2.35-0ubuntu3) ...
Selecting previously unselected package libstdc++-11-dev:amd64.
Preparing to unpack .../29-libstdc++-11-dev_11.2.0-19ubuntu1_amd64.deb ...
Unpacking libstdc++-11-dev:amd64 (11.2.0-19ubuntu1) ...
Selecting previously unselected package g++-11.
Preparing to unpack .../30-g++-11_11.2.0-19ubuntu1_amd64.deb ...
Unpacking g++-11 (11.2.0-19ubuntu1) ...
Selecting previously unselected package g++.
Preparing to unpack .../31-g++_4%3a11.2.0-1ubuntu1_amd64.deb ...
Unpacking g++ (4:11.2.0-1ubuntu1) ...
Selecting previously unselected package build-essential.
Preparing to unpack .../32-build-essential_12.9ubuntu3_amd64.deb ...
Unpacking build-essential (12.9ubuntu3) ...
Selecting previously unselected package dctrl-tools.
Preparing to unpack .../33-dctrl-tools_2.24-3build2_amd64.deb ...
Unpacking dctrl-tools (2.24-3build2) ...
Selecting previously unselected package dkms.
Preparing to unpack .../34-dkms_2.8.7-2ubuntu2_all.deb ...
Unpacking dkms (2.8.7-2ubuntu2) ...
Selecting previously unselected package libfakeroot:amd64.
Preparing to unpack .../35-libfakeroot_1.28-1ubuntu1_amd64.deb ...
Unpacking libfakeroot:amd64 (1.28-1ubuntu1) ...
Selecting previously unselected package fakeroot.
Preparing to unpack .../36-fakeroot_1.28-1ubuntu1_amd64.deb ...
Unpacking fakeroot (1.28-1ubuntu1) ...
Selecting previously unselected package fonts-dejavu-core.
Preparing to unpack .../37-fonts-dejavu-core_2.37-2build1_all.deb ...
Unpacking fonts-dejavu-core (2.37-2build1) ...
Selecting previously unselected package fontconfig-config.
Preparing to unpack .../38-fontconfig-config_2.13.1-4.2ubuntu5_all.deb ...
Unpacking fontconfig-config (2.13.1-4.2ubuntu5) ...
Selecting previously unselected package libalgorithm-diff-perl.
Preparing to unpack .../39-libalgorithm-diff-perl_1.201-1_all.deb ...
Unpacking libalgorithm-diff-perl (1.201-1) ...
Selecting previously unselected package libalgorithm-diff-xs-perl.
Preparing to unpack .../40-libalgorithm-diff-xs-perl_0.04-6build3_amd64.deb ...
Unpacking libalgorithm-diff-xs-perl (0.04-6build3) ...
Selecting previously unselected package libalgorithm-merge-perl.
Preparing to unpack .../41-libalgorithm-merge-perl_0.08-3_all.deb ...
Unpacking libalgorithm-merge-perl (0.08-3) ...
Selecting previously unselected package libfontconfig1:amd64.
Preparing to unpack .../42-libfontconfig1_2.13.1-4.2ubuntu5_amd64.deb ...
Unpacking libfontconfig1:amd64 (2.13.1-4.2ubuntu5) ...
Selecting previously unselected package libjpeg-turbo8:amd64.
Preparing to unpack .../43-libjpeg-turbo8_2.1.2-0ubuntu1_amd64.deb ...
Unpacking libjpeg-turbo8:amd64 (2.1.2-0ubuntu1) ...
Selecting previously unselected package libjpeg8:amd64.
Preparing to unpack .../44-libjpeg8_8c-2ubuntu10_amd64.deb ...
Unpacking libjpeg8:amd64 (8c-2ubuntu10) ...
Selecting previously unselected package libdeflate0:amd64.
Preparing to unpack .../45-libdeflate0_1.10-2_amd64.deb ...
Unpacking libdeflate0:amd64 (1.10-2) ...
Selecting previously unselected package libjbig0:amd64.
Preparing to unpack .../46-libjbig0_2.1-3.1build3_amd64.deb ...
Unpacking libjbig0:amd64 (2.1-3.1build3) ...
Selecting previously unselected package libwebp7:amd64.
Preparing to unpack .../47-libwebp7_1.2.2-2_amd64.deb ...
Unpacking libwebp7:amd64 (1.2.2-2) ...
Selecting previously unselected package libtiff5:amd64.
Preparing to unpack .../48-libtiff5_4.3.0-6_amd64.deb ...
Unpacking libtiff5:amd64 (4.3.0-6) ...
Selecting previously unselected package libxpm4:amd64.
Preparing to unpack .../49-libxpm4_1%3a3.5.12-1build2_amd64.deb ...
Unpacking libxpm4:amd64 (1:3.5.12-1build2) ...
Selecting previously unselected package libgd3:amd64.
Preparing to unpack .../50-libgd3_2.3.0-2ubuntu2_amd64.deb ...
Unpacking libgd3:amd64 (2.3.0-2ubuntu2) ...
Selecting previously unselected package libc-devtools.
Preparing to unpack .../51-libc-devtools_2.35-0ubuntu3_amd64.deb ...
Unpacking libc-devtools (2.35-0ubuntu3) ...
Selecting previously unselected package libfile-fcntllock-perl.
Preparing to unpack .../52-libfile-fcntllock-perl_0.22-3build7_amd64.deb ...
Unpacking libfile-fcntllock-perl (0.22-3build7) ...
Selecting previously unselected package manpages-dev.
Preparing to unpack .../53-manpages-dev_5.10-1ubuntu1_all.deb ...
Unpacking manpages-dev (5.10-1ubuntu1) ...
Setting up gcc-11-base:amd64 (11.2.0-19ubuntu1) ...
Setting up manpages-dev (5.10-1ubuntu1) ...
Setting up lto-disabled-list (24) ...
Setting up libxpm4:amd64 (1:3.5.12-1build2) ...
Setting up libfile-fcntllock-perl (0.22-3build7) ...
Setting up libalgorithm-diff-perl (1.201-1) ...
Setting up libdeflate0:amd64 (1.10-2) ...
Setting up linux-libc-dev:amd64 (5.15.0-41.44) ...
Setting up libgomp1:amd64 (12-20220319-1ubuntu1) ...
Setting up bzip2 (1.0.8-5build1) ...
Setting up libjbig0:amd64 (2.1-3.1build3) ...
Setting up libfakeroot:amd64 (1.28-1ubuntu1) ...
Setting up libasan6:amd64 (11.2.0-19ubuntu1) ...
Setting up fakeroot (1.28-1ubuntu1) ...
update-alternatives: using /usr/bin/fakeroot-sysv to provide /usr/bin/fakeroot (fakeroot) in auto mode
Setting up libtirpc-dev:amd64 (1.3.2-2build1) ...
Setting up rpcsvc-proto (1.4.2-0ubuntu6) ...
Setting up make (4.3-4.1build1) ...
Setting up libquadmath0:amd64 (12-20220319-1ubuntu1) ...
Setting up libmpc3:amd64 (1.2.1-2build1) ...
Setting up libatomic1:amd64 (12-20220319-1ubuntu1) ...
Setting up fonts-dejavu-core (2.37-2build1) ...
Setting up libjpeg-turbo8:amd64 (2.1.2-0ubuntu1) ...
Setting up libdpkg-perl (1.21.1ubuntu2.1) ...
Setting up libwebp7:amd64 (1.2.2-2) ...
Setting up libubsan1:amd64 (12-20220319-1ubuntu1) ...
Setting up libnsl-dev:amd64 (1.3.0-2build2) ...
Setting up libcrypt-dev:amd64 (1:4.4.27-1) ...
Setting up libisl23:amd64 (0.24-2build1) ...
Setting up libc-dev-bin (2.35-0ubuntu3) ...
Setting up libalgorithm-diff-xs-perl (0.04-6build3) ...
Setting up libcc1-0:amd64 (12-20220319-1ubuntu1) ...
Setting up liblsan0:amd64 (12-20220319-1ubuntu1) ...
Setting up dctrl-tools (2.24-3build2) ...
Setting up libitm1:amd64 (12-20220319-1ubuntu1) ...
Setting up libalgorithm-merge-perl (0.08-3) ...
Setting up libtsan0:amd64 (11.2.0-19ubuntu1) ...
Setting up libjpeg8:amd64 (8c-2ubuntu10) ...
Setting up cpp-11 (11.2.0-19ubuntu1) ...
Setting up fontconfig-config (2.13.1-4.2ubuntu5) ...
Setting up dpkg-dev (1.21.1ubuntu2.1) ...
Setting up libgcc-11-dev:amd64 (11.2.0-19ubuntu1) ...
Setting up gcc-11 (11.2.0-19ubuntu1) ...
Setting up cpp (4:11.2.0-1ubuntu1) ...
Setting up libc6-dev:amd64 (2.35-0ubuntu3) ...
Setting up libtiff5:amd64 (4.3.0-6) ...
Setting up libfontconfig1:amd64 (2.13.1-4.2ubuntu5) ...
Setting up gcc (4:11.2.0-1ubuntu1) ...
Setting up dkms (2.8.7-2ubuntu2) ...
Setting up libgd3:amd64 (2.3.0-2ubuntu2) ...
Setting up libstdc++-11-dev:amd64 (11.2.0-19ubuntu1) ...
Setting up libc-devtools (2.35-0ubuntu3) ...
Setting up g++-11 (11.2.0-19ubuntu1) ...
Setting up g++ (4:11.2.0-1ubuntu1) ...
update-alternatives: using /usr/bin/g++ to provide /usr/bin/c++ (c++) in auto mode
Setting up build-essential (12.9ubuntu3) ...
Processing triggers for man-db (2.10.2-1) ...
Processing triggers for libc-bin (2.35-0ubuntu3) ...
NEEDRESTART-VER: 3.5
NEEDRESTART-KCUR: 5.15.0-41-generic
NEEDRESTART-KEXP: 5.15.0-41-generic
NEEDRESTART-KSTA: 1
Copy iso file /usr/share/virtualbox/VBoxGuestAdditions.iso into the box /tmp/VBoxGuestAdditions.iso
Mounting Virtualbox Guest Additions ISO to: /mnt
mount: /mnt: WARNING: source write-protected, mounted read-only.
Installing Virtualbox Guest Additions 6.1.34 - guest version is 6.0.0
Verifying archive integrity... All good.
Uncompressing VirtualBox 6.1.34 Guest Additions for Linux........
VirtualBox Guest Additions installer
Copying additional installer modules ...
Installing additional modules ...
VirtualBox Guest Additions: Starting.
VirtualBox Guest Additions: Building the VirtualBox Guest Additions kernel 
modules.  This may take a while.
VirtualBox Guest Additions: To build modules for other installed kernels, run
VirtualBox Guest Additions:   /sbin/rcvboxadd quicksetup <version>
VirtualBox Guest Additions: or
VirtualBox Guest Additions:   /sbin/rcvboxadd quicksetup all
VirtualBox Guest Additions: Building the modules for kernel 5.15.0-41-generic.
update-initramfs: Generating /boot/initrd.img-5.15.0-41-generic
VirtualBox Guest Additions: Running kernel modules will not be replaced until 
the system is restarted
An error occurred during installation of VirtualBox Guest Additions 6.1.34. Some functionality may not work as intended.
In most cases it is OK that the "Window System drivers" installation failed.
Unmounting Virtualbox Guest Additions ISO from: /mnt
Got different reports about installed GuestAdditions version:
Virtualbox on your host claims:   6.0.0
VBoxService inside the vm claims: 6.1.34
Going on, assuming VBoxService is correct...
Got different reports about installed GuestAdditions version:
Virtualbox on your host claims:   6.0.0
VBoxService inside the vm claims: 6.1.34
Going on, assuming VBoxService is correct...
Got different reports about installed GuestAdditions version:
Virtualbox on your host claims:   6.0.0
VBoxService inside the vm claims: 6.1.34
Going on, assuming VBoxService is correct...
Restarting VM to apply changes...
==> kworker2: Attempting graceful shutdown of VM...
==> kworker2: Booting VM...
==> kworker2: Waiting for machine to boot. This may take a few minutes...
==> kworker2: Machine booted and ready!
==> kworker2: Checking for guest additions in VM...
==> kworker2: Setting hostname...
==> kworker2: Configuring and enabling network interfaces...
==> kworker2: Mounting shared folders...
    kworker2: /vagrant => /mnt/sda3/vagrant/my-kubernetes/vagrant-provisioning
==> kworker2: Running provisioner: shell...
    kworker2: Running: /tmp/vagrant-shell20220716-201843-1p9d986.sh
    kworker2: ********Preparaing the operating system********
    kworker2: [TASK 1] Disable and turn off SWAP
    kworker2: [TASK 2] Stop and Disable firewall
    kworker2: [TASK 3] Enable and Load Kernel modules
    kworker2: [TASK 4] Add Kernel settings
    kworker2: [TASK 5] Install containerd runtime
    kworker2: [TASK 6] Add apt repo for kubernetes
    kworker2: [TASK 7] Install Kubernetes components (kubeadm, kubelet and kubectl)
    kworker2: kubelet set on hold.
    kworker2: kubeadm set on hold.
    kworker2: kubectl set on hold.
    kworker2: [TASK 8] Enable ssh password authentication
    kworker2: [TASK 9] Set root password
    kworker2: [TASK 10] Update /etc/hosts file
==> kworker2: Configuring proxy for Git...
==> kworker2: Running provisioner: shell...
    kworker2: Running: /tmp/vagrant-shell20220716-201843-ib6kak.sh
    kworker2: [TASK 1] Join node to Kubernetes Cluster
==> kworker2: Configuring proxy for Git...
jwang@cn-fbyv7y2:/mnt/sda3/vagrant/my-kubernetes/vagrant-provisioning (my)
$ 
